{"E:\\Repositories\\TicketManager_LF10a\\src\\btn.js": {"path":"E:\\Repositories\\TicketManager_LF10a\\src\\btn.js","statementMap":{"0":{"start":{"line":1,"column":0},"end":{"line":18,"column":3}},"1":{"start":{"line":2,"column":17},"end":{"line":2,"column":59}},"2":{"start":{"line":3,"column":2},"end":{"line":12,"column":5}},"3":{"start":{"line":5,"column":22},"end":{"line":5,"column":65}},"4":{"start":{"line":6,"column":19},"end":{"line":6,"column":38}},"5":{"start":{"line":7,"column":4},"end":{"line":11,"column":5}},"6":{"start":{"line":8,"column":6},"end":{"line":8,"column":55}},"7":{"start":{"line":10,"column":6},"end":{"line":10,"column":42}},"8":{"start":{"line":14,"column":18},"end":{"line":14,"column":61}},"9":{"start":{"line":15,"column":17},"end":{"line":15,"column":36}},"10":{"start":{"line":17,"column":0},"end":{"line":17,"column":36}}},"fnMap":{"0":{"name":"(anonymous_0)","decl":{"start":{"line":1,"column":46},"end":{"line":1,"column":47}},"loc":{"start":{"line":1,"column":58},"end":{"line":18,"column":1}},"line":1},"1":{"name":"(anonymous_1)","decl":{"start":{"line":3,"column":35},"end":{"line":3,"column":36}},"loc":{"start":{"line":3,"column":47},"end":{"line":12,"column":3}},"line":3}},"branchMap":{"0":{"loc":{"start":{"line":7,"column":4},"end":{"line":11,"column":5}},"type":"if","locations":[{"start":{"line":7,"column":4},"end":{"line":11,"column":5}},{"start":{"line":9,"column":11},"end":{"line":11,"column":5}}],"line":7}},"s":{"0":0,"1":0,"2":0,"3":0,"4":0,"5":0,"6":0,"7":0,"8":0,"9":0,"10":0},"f":{"0":0,"1":0},"b":{"0":[0,0]}}
,"E:\\Repositories\\TicketManager_LF10a\\src\\db.js": {"path":"E:\\Repositories\\TicketManager_LF10a\\src\\db.js","statementMap":{"0":{"start":{"line":1,"column":11},"end":{"line":1,"column":24}},"1":{"start":{"line":2,"column":13},"end":{"line":2,"column":28}},"2":{"start":{"line":3,"column":16},"end":{"line":3,"column":34}},"3":{"start":{"line":4,"column":0},"end":{"line":4,"column":27}},"4":{"start":{"line":6,"column":11},"end":{"line":6,"column":15}},"5":{"start":{"line":10,"column":2},"end":{"line":14,"column":5}},"6":{"start":{"line":19,"column":2},"end":{"line":27,"column":5}},"7":{"start":{"line":46,"column":2},"end":{"line":52,"column":3}},"8":{"start":{"line":47,"column":4},"end":{"line":47,"column":38}},"9":{"start":{"line":48,"column":17},"end":{"line":48,"column":57}},"10":{"start":{"line":49,"column":4},"end":{"line":49,"column":16}},"11":{"start":{"line":51,"column":4},"end":{"line":51,"column":29}},"12":{"start":{"line":51,"column":14},"end":{"line":51,"column":29}},"13":{"start":{"line":58,"column":2},"end":{"line":67,"column":3}},"14":{"start":{"line":59,"column":4},"end":{"line":59,"column":38}},"15":{"start":{"line":60,"column":17},"end":{"line":63,"column":5}},"16":{"start":{"line":64,"column":4},"end":{"line":64,"column":16}},"17":{"start":{"line":66,"column":4},"end":{"line":66,"column":29}},"18":{"start":{"line":66,"column":14},"end":{"line":66,"column":29}},"19":{"start":{"line":73,"column":2},"end":{"line":82,"column":3}},"20":{"start":{"line":74,"column":4},"end":{"line":74,"column":38}},"21":{"start":{"line":75,"column":17},"end":{"line":78,"column":5}},"22":{"start":{"line":79,"column":4},"end":{"line":79,"column":16}},"23":{"start":{"line":81,"column":4},"end":{"line":81,"column":29}},"24":{"start":{"line":81,"column":14},"end":{"line":81,"column":29}},"25":{"start":{"line":88,"column":2},"end":{"line":107,"column":3}},"26":{"start":{"line":89,"column":4},"end":{"line":89,"column":38}},"27":{"start":{"line":95,"column":4},"end":{"line":101,"column":5}},"28":{"start":{"line":96,"column":6},"end":{"line":96,"column":61}},"29":{"start":{"line":97,"column":6},"end":{"line":97,"column":25}},"30":{"start":{"line":99,"column":6},"end":{"line":99,"column":60}},"31":{"start":{"line":100,"column":6},"end":{"line":100,"column":25}},"32":{"start":{"line":103,"column":17},"end":{"line":103,"column":48}},"33":{"start":{"line":104,"column":4},"end":{"line":104,"column":16}},"34":{"start":{"line":106,"column":4},"end":{"line":106,"column":29}},"35":{"start":{"line":106,"column":14},"end":{"line":106,"column":29}},"36":{"start":{"line":113,"column":2},"end":{"line":122,"column":3}},"37":{"start":{"line":114,"column":4},"end":{"line":114,"column":38}},"38":{"start":{"line":115,"column":19},"end":{"line":118,"column":5}},"39":{"start":{"line":119,"column":4},"end":{"line":119,"column":27}},"40":{"start":{"line":121,"column":4},"end":{"line":121,"column":29}},"41":{"start":{"line":121,"column":14},"end":{"line":121,"column":29}},"42":{"start":{"line":127,"column":2},"end":{"line":133,"column":3}},"43":{"start":{"line":128,"column":4},"end":{"line":128,"column":38}},"44":{"start":{"line":129,"column":17},"end":{"line":129,"column":92}},"45":{"start":{"line":130,"column":4},"end":{"line":130,"column":19}},"46":{"start":{"line":132,"column":4},"end":{"line":132,"column":29}},"47":{"start":{"line":132,"column":14},"end":{"line":132,"column":29}},"48":{"start":{"line":138,"column":2},"end":{"line":147,"column":3}},"49":{"start":{"line":139,"column":4},"end":{"line":139,"column":38}},"50":{"start":{"line":140,"column":17},"end":{"line":140,"column":84}},"51":{"start":{"line":141,"column":4},"end":{"line":143,"column":5}},"52":{"start":{"line":142,"column":6},"end":{"line":142,"column":18}},"53":{"start":{"line":144,"column":4},"end":{"line":144,"column":19}},"54":{"start":{"line":146,"column":4},"end":{"line":146,"column":29}},"55":{"start":{"line":146,"column":14},"end":{"line":146,"column":29}},"56":{"start":{"line":152,"column":2},"end":{"line":158,"column":3}},"57":{"start":{"line":153,"column":4},"end":{"line":153,"column":38}},"58":{"start":{"line":154,"column":19},"end":{"line":154,"column":92}},"59":{"start":{"line":155,"column":4},"end":{"line":155,"column":29}},"60":{"start":{"line":157,"column":4},"end":{"line":157,"column":29}},"61":{"start":{"line":157,"column":14},"end":{"line":157,"column":29}},"62":{"start":{"line":163,"column":2},"end":{"line":172,"column":3}},"63":{"start":{"line":164,"column":4},"end":{"line":164,"column":38}},"64":{"start":{"line":165,"column":4},"end":{"line":168,"column":6}},"65":{"start":{"line":169,"column":4},"end":{"line":169,"column":16}},"66":{"start":{"line":171,"column":4},"end":{"line":171,"column":29}},"67":{"start":{"line":171,"column":14},"end":{"line":171,"column":29}},"68":{"start":{"line":177,"column":2},"end":{"line":186,"column":3}},"69":{"start":{"line":178,"column":4},"end":{"line":178,"column":38}},"70":{"start":{"line":179,"column":4},"end":{"line":182,"column":6}},"71":{"start":{"line":183,"column":4},"end":{"line":183,"column":16}},"72":{"start":{"line":185,"column":4},"end":{"line":185,"column":29}},"73":{"start":{"line":185,"column":14},"end":{"line":185,"column":29}},"74":{"start":{"line":191,"column":2},"end":{"line":197,"column":3}},"75":{"start":{"line":192,"column":4},"end":{"line":192,"column":38}},"76":{"start":{"line":193,"column":17},"end":{"line":193,"column":125}},"77":{"start":{"line":194,"column":4},"end":{"line":194,"column":16}},"78":{"start":{"line":196,"column":4},"end":{"line":196,"column":29}},"79":{"start":{"line":196,"column":14},"end":{"line":196,"column":29}},"80":{"start":{"line":202,"column":2},"end":{"line":211,"column":3}},"81":{"start":{"line":203,"column":4},"end":{"line":203,"column":38}},"82":{"start":{"line":204,"column":19},"end":{"line":207,"column":5}},"83":{"start":{"line":208,"column":4},"end":{"line":208,"column":27}},"84":{"start":{"line":210,"column":4},"end":{"line":210,"column":29}},"85":{"start":{"line":210,"column":14},"end":{"line":210,"column":29}},"86":{"start":{"line":216,"column":2},"end":{"line":225,"column":3}},"87":{"start":{"line":217,"column":4},"end":{"line":217,"column":38}},"88":{"start":{"line":218,"column":4},"end":{"line":221,"column":6}},"89":{"start":{"line":222,"column":4},"end":{"line":222,"column":16}},"90":{"start":{"line":224,"column":4},"end":{"line":224,"column":29}},"91":{"start":{"line":224,"column":14},"end":{"line":224,"column":29}},"92":{"start":{"line":230,"column":2},"end":{"line":236,"column":3}},"93":{"start":{"line":231,"column":4},"end":{"line":231,"column":38}},"94":{"start":{"line":232,"column":4},"end":{"line":232,"column":78}},"95":{"start":{"line":233,"column":4},"end":{"line":233,"column":16}},"96":{"start":{"line":235,"column":4},"end":{"line":235,"column":29}},"97":{"start":{"line":235,"column":14},"end":{"line":235,"column":29}},"98":{"start":{"line":241,"column":2},"end":{"line":247,"column":3}},"99":{"start":{"line":242,"column":4},"end":{"line":242,"column":38}},"100":{"start":{"line":243,"column":17},"end":{"line":243,"column":56}},"101":{"start":{"line":244,"column":4},"end":{"line":244,"column":16}},"102":{"start":{"line":246,"column":4},"end":{"line":246,"column":29}},"103":{"start":{"line":246,"column":14},"end":{"line":246,"column":29}},"104":{"start":{"line":252,"column":2},"end":{"line":288,"column":3}},"105":{"start":{"line":253,"column":4},"end":{"line":253,"column":41}},"106":{"start":{"line":256,"column":15},"end":{"line":256,"column":45}},"107":{"start":{"line":257,"column":4},"end":{"line":257,"column":78}},"108":{"start":{"line":258,"column":4},"end":{"line":258,"column":15}},"109":{"start":{"line":260,"column":4},"end":{"line":260,"column":83}},"110":{"start":{"line":263,"column":4},"end":{"line":263,"column":15}},"111":{"start":{"line":266,"column":22},"end":{"line":266,"column":48}},"112":{"start":{"line":267,"column":4},"end":{"line":272,"column":5}},"113":{"start":{"line":268,"column":6},"end":{"line":268,"column":66}},"114":{"start":{"line":269,"column":6},"end":{"line":269,"column":43}},"115":{"start":{"line":271,"column":6},"end":{"line":271,"column":82}},"116":{"start":{"line":276,"column":21},"end":{"line":276,"column":51}},"117":{"start":{"line":278,"column":4},"end":{"line":283,"column":5}},"118":{"start":{"line":279,"column":6},"end":{"line":279,"column":69}},"119":{"start":{"line":280,"column":6},"end":{"line":280,"column":41}},"120":{"start":{"line":282,"column":6},"end":{"line":282,"column":71}},"121":{"start":{"line":285,"column":4},"end":{"line":285,"column":44}},"122":{"start":{"line":287,"column":4},"end":{"line":287,"column":45}},"123":{"start":{"line":293,"column":15},"end":{"line":293,"column":41}},"124":{"start":{"line":294,"column":2},"end":{"line":304,"column":3}},"125":{"start":{"line":295,"column":21},"end":{"line":295,"column":66}},"126":{"start":{"line":296,"column":16},"end":{"line":296,"column":49}},"127":{"start":{"line":297,"column":4},"end":{"line":297,"column":49}},"128":{"start":{"line":298,"column":4},"end":{"line":298,"column":26}},"129":{"start":{"line":299,"column":4},"end":{"line":299,"column":52}},"130":{"start":{"line":301,"column":4},"end":{"line":301,"column":61}},"131":{"start":{"line":303,"column":4},"end":{"line":303,"column":19}},"132":{"start":{"line":309,"column":15},"end":{"line":309,"column":41}},"133":{"start":{"line":310,"column":2},"end":{"line":317,"column":3}},"134":{"start":{"line":311,"column":19},"end":{"line":311,"column":74}},"135":{"start":{"line":312,"column":4},"end":{"line":312,"column":27}},"136":{"start":{"line":314,"column":4},"end":{"line":314,"column":17}},"137":{"start":{"line":316,"column":4},"end":{"line":316,"column":19}},"138":{"start":{"line":322,"column":16},"end":{"line":322,"column":42}},"139":{"start":{"line":324,"column":15},"end":{"line":327,"column":3}},"140":{"start":{"line":329,"column":2},"end":{"line":329,"column":17}},"141":{"start":{"line":330,"column":2},"end":{"line":330,"column":23}},"142":{"start":{"line":344,"column":2},"end":{"line":353,"column":3}},"143":{"start":{"line":345,"column":4},"end":{"line":345,"column":38}},"144":{"start":{"line":346,"column":19},"end":{"line":349,"column":5}},"145":{"start":{"line":350,"column":4},"end":{"line":350,"column":27}},"146":{"start":{"line":352,"column":4},"end":{"line":352,"column":29}},"147":{"start":{"line":352,"column":14},"end":{"line":352,"column":29}},"148":{"start":{"line":359,"column":2},"end":{"line":374,"column":3}},"149":{"start":{"line":360,"column":4},"end":{"line":360,"column":38}},"150":{"start":{"line":361,"column":21},"end":{"line":370,"column":5}},"151":{"start":{"line":371,"column":4},"end":{"line":371,"column":20}},"152":{"start":{"line":373,"column":4},"end":{"line":373,"column":29}},"153":{"start":{"line":373,"column":14},"end":{"line":373,"column":29}},"154":{"start":{"line":377,"column":0},"end":{"line":377,"column":276}}},"fnMap":{"0":{"name":"connectWithoutDatabase","decl":{"start":{"line":9,"column":15},"end":{"line":9,"column":37}},"loc":{"start":{"line":9,"column":40},"end":{"line":15,"column":1}},"line":9},"1":{"name":"initPool","decl":{"start":{"line":18,"column":9},"end":{"line":18,"column":17}},"loc":{"start":{"line":18,"column":20},"end":{"line":28,"column":1}},"line":18},"2":{"name":"getTickets","decl":{"start":{"line":44,"column":15},"end":{"line":44,"column":25}},"loc":{"start":{"line":44,"column":28},"end":{"line":53,"column":1}},"line":44},"3":{"name":"getAssignedTickets","decl":{"start":{"line":56,"column":15},"end":{"line":56,"column":33}},"loc":{"start":{"line":56,"column":43},"end":{"line":68,"column":1}},"line":56},"4":{"name":"getTicketsByCreator","decl":{"start":{"line":71,"column":15},"end":{"line":71,"column":34}},"loc":{"start":{"line":71,"column":44},"end":{"line":83,"column":1}},"line":71},"5":{"name":"getHomeTickets","decl":{"start":{"line":86,"column":15},"end":{"line":86,"column":29}},"loc":{"start":{"line":86,"column":48},"end":{"line":108,"column":1}},"line":86},"6":{"name":"createTicket","decl":{"start":{"line":111,"column":15},"end":{"line":111,"column":27}},"loc":{"start":{"line":111,"column":99},"end":{"line":123,"column":1}},"line":111},"7":{"name":"getUser","decl":{"start":{"line":125,"column":15},"end":{"line":125,"column":22}},"loc":{"start":{"line":125,"column":32},"end":{"line":134,"column":1}},"line":125},"8":{"name":"getUserByEmail","decl":{"start":{"line":136,"column":15},"end":{"line":136,"column":29}},"loc":{"start":{"line":136,"column":37},"end":{"line":148,"column":1}},"line":136},"9":{"name":"getTicket","decl":{"start":{"line":150,"column":15},"end":{"line":150,"column":24}},"loc":{"start":{"line":150,"column":36},"end":{"line":159,"column":1}},"line":150},"10":{"name":"updateTicket","decl":{"start":{"line":161,"column":15},"end":{"line":161,"column":27}},"loc":{"start":{"line":161,"column":52},"end":{"line":173,"column":1}},"line":161},"11":{"name":"deleteTicket","decl":{"start":{"line":175,"column":15},"end":{"line":175,"column":27}},"loc":{"start":{"line":175,"column":39},"end":{"line":187,"column":1}},"line":175},"12":{"name":"getUsers","decl":{"start":{"line":189,"column":15},"end":{"line":189,"column":23}},"loc":{"start":{"line":189,"column":26},"end":{"line":198,"column":1}},"line":189},"13":{"name":"createUser","decl":{"start":{"line":200,"column":15},"end":{"line":200,"column":25}},"loc":{"start":{"line":200,"column":77},"end":{"line":212,"column":1}},"line":200},"14":{"name":"updateUser","decl":{"start":{"line":214,"column":15},"end":{"line":214,"column":25}},"loc":{"start":{"line":214,"column":93},"end":{"line":226,"column":1}},"line":214},"15":{"name":"deleteUser","decl":{"start":{"line":228,"column":15},"end":{"line":228,"column":25}},"loc":{"start":{"line":228,"column":35},"end":{"line":237,"column":1}},"line":228},"16":{"name":"getRoles","decl":{"start":{"line":239,"column":15},"end":{"line":239,"column":23}},"loc":{"start":{"line":239,"column":26},"end":{"line":248,"column":1}},"line":239},"17":{"name":"autoSetup","decl":{"start":{"line":251,"column":15},"end":{"line":251,"column":24}},"loc":{"start":{"line":251,"column":27},"end":{"line":289,"column":1}},"line":251},"18":{"name":"runSqlFile","decl":{"start":{"line":292,"column":15},"end":{"line":292,"column":25}},"loc":{"start":{"line":292,"column":32},"end":{"line":305,"column":1}},"line":292},"19":{"name":"tableHasData","decl":{"start":{"line":308,"column":15},"end":{"line":308,"column":27}},"loc":{"start":{"line":308,"column":35},"end":{"line":318,"column":1}},"line":308},"20":{"name":"tableExists","decl":{"start":{"line":321,"column":15},"end":{"line":321,"column":26}},"loc":{"start":{"line":321,"column":38},"end":{"line":339,"column":1}},"line":321},"21":{"name":"createComment","decl":{"start":{"line":342,"column":15},"end":{"line":342,"column":28}},"loc":{"start":{"line":342,"column":61},"end":{"line":354,"column":1}},"line":342},"22":{"name":"getCommentsByTicket","decl":{"start":{"line":357,"column":15},"end":{"line":357,"column":34}},"loc":{"start":{"line":357,"column":46},"end":{"line":375,"column":1}},"line":357}},"branchMap":{"0":{"loc":{"start":{"line":51,"column":4},"end":{"line":51,"column":29}},"type":"if","locations":[{"start":{"line":51,"column":4},"end":{"line":51,"column":29}},{"start":{},"end":{}}],"line":51},"1":{"loc":{"start":{"line":66,"column":4},"end":{"line":66,"column":29}},"type":"if","locations":[{"start":{"line":66,"column":4},"end":{"line":66,"column":29}},{"start":{},"end":{}}],"line":66},"2":{"loc":{"start":{"line":81,"column":4},"end":{"line":81,"column":29}},"type":"if","locations":[{"start":{"line":81,"column":4},"end":{"line":81,"column":29}},{"start":{},"end":{}}],"line":81},"3":{"loc":{"start":{"line":95,"column":4},"end":{"line":101,"column":5}},"type":"if","locations":[{"start":{"line":95,"column":4},"end":{"line":101,"column":5}},{"start":{"line":98,"column":11},"end":{"line":101,"column":5}}],"line":95},"4":{"loc":{"start":{"line":95,"column":8},"end":{"line":95,"column":38}},"type":"binary-expr","locations":[{"start":{"line":95,"column":8},"end":{"line":95,"column":21}},{"start":{"line":95,"column":25},"end":{"line":95,"column":38}}],"line":95},"5":{"loc":{"start":{"line":106,"column":4},"end":{"line":106,"column":29}},"type":"if","locations":[{"start":{"line":106,"column":4},"end":{"line":106,"column":29}},{"start":{},"end":{}}],"line":106},"6":{"loc":{"start":{"line":111,"column":79},"end":{"line":111,"column":97}},"type":"default-arg","locations":[{"start":{"line":111,"column":93},"end":{"line":111,"column":97}}],"line":111},"7":{"loc":{"start":{"line":121,"column":4},"end":{"line":121,"column":29}},"type":"if","locations":[{"start":{"line":121,"column":4},"end":{"line":121,"column":29}},{"start":{},"end":{}}],"line":121},"8":{"loc":{"start":{"line":132,"column":4},"end":{"line":132,"column":29}},"type":"if","locations":[{"start":{"line":132,"column":4},"end":{"line":132,"column":29}},{"start":{},"end":{}}],"line":132},"9":{"loc":{"start":{"line":141,"column":4},"end":{"line":143,"column":5}},"type":"if","locations":[{"start":{"line":141,"column":4},"end":{"line":143,"column":5}},{"start":{},"end":{}}],"line":141},"10":{"loc":{"start":{"line":146,"column":4},"end":{"line":146,"column":29}},"type":"if","locations":[{"start":{"line":146,"column":4},"end":{"line":146,"column":29}},{"start":{},"end":{}}],"line":146},"11":{"loc":{"start":{"line":155,"column":11},"end":{"line":155,"column":28}},"type":"binary-expr","locations":[{"start":{"line":155,"column":11},"end":{"line":155,"column":20}},{"start":{"line":155,"column":24},"end":{"line":155,"column":28}}],"line":155},"12":{"loc":{"start":{"line":157,"column":4},"end":{"line":157,"column":29}},"type":"if","locations":[{"start":{"line":157,"column":4},"end":{"line":157,"column":29}},{"start":{},"end":{}}],"line":157},"13":{"loc":{"start":{"line":171,"column":4},"end":{"line":171,"column":29}},"type":"if","locations":[{"start":{"line":171,"column":4},"end":{"line":171,"column":29}},{"start":{},"end":{}}],"line":171},"14":{"loc":{"start":{"line":185,"column":4},"end":{"line":185,"column":29}},"type":"if","locations":[{"start":{"line":185,"column":4},"end":{"line":185,"column":29}},{"start":{},"end":{}}],"line":185},"15":{"loc":{"start":{"line":196,"column":4},"end":{"line":196,"column":29}},"type":"if","locations":[{"start":{"line":196,"column":4},"end":{"line":196,"column":29}},{"start":{},"end":{}}],"line":196},"16":{"loc":{"start":{"line":210,"column":4},"end":{"line":210,"column":29}},"type":"if","locations":[{"start":{"line":210,"column":4},"end":{"line":210,"column":29}},{"start":{},"end":{}}],"line":210},"17":{"loc":{"start":{"line":224,"column":4},"end":{"line":224,"column":29}},"type":"if","locations":[{"start":{"line":224,"column":4},"end":{"line":224,"column":29}},{"start":{},"end":{}}],"line":224},"18":{"loc":{"start":{"line":235,"column":4},"end":{"line":235,"column":29}},"type":"if","locations":[{"start":{"line":235,"column":4},"end":{"line":235,"column":29}},{"start":{},"end":{}}],"line":235},"19":{"loc":{"start":{"line":246,"column":4},"end":{"line":246,"column":29}},"type":"if","locations":[{"start":{"line":246,"column":4},"end":{"line":246,"column":29}},{"start":{},"end":{}}],"line":246},"20":{"loc":{"start":{"line":267,"column":4},"end":{"line":272,"column":5}},"type":"if","locations":[{"start":{"line":267,"column":4},"end":{"line":272,"column":5}},{"start":{"line":270,"column":9},"end":{"line":272,"column":5}}],"line":267},"21":{"loc":{"start":{"line":278,"column":4},"end":{"line":283,"column":5}},"type":"if","locations":[{"start":{"line":278,"column":4},"end":{"line":283,"column":5}},{"start":{"line":281,"column":11},"end":{"line":283,"column":5}}],"line":278},"22":{"loc":{"start":{"line":352,"column":4},"end":{"line":352,"column":29}},"type":"if","locations":[{"start":{"line":352,"column":4},"end":{"line":352,"column":29}},{"start":{},"end":{}}],"line":352},"23":{"loc":{"start":{"line":373,"column":4},"end":{"line":373,"column":29}},"type":"if","locations":[{"start":{"line":373,"column":4},"end":{"line":373,"column":29}},{"start":{},"end":{}}],"line":373}},"s":{"0":0,"1":0,"2":0,"3":0,"4":0,"5":0,"6":0,"7":0,"8":0,"9":0,"10":0,"11":0,"12":0,"13":0,"14":0,"15":0,"16":0,"17":0,"18":0,"19":0,"20":0,"21":0,"22":0,"23":0,"24":0,"25":0,"26":0,"27":0,"28":0,"29":0,"30":0,"31":0,"32":0,"33":0,"34":0,"35":0,"36":0,"37":0,"38":0,"39":0,"40":0,"41":0,"42":0,"43":0,"44":0,"45":0,"46":0,"47":0,"48":0,"49":0,"50":0,"51":0,"52":0,"53":0,"54":0,"55":0,"56":0,"57":0,"58":0,"59":0,"60":0,"61":0,"62":0,"63":0,"64":0,"65":0,"66":0,"67":0,"68":0,"69":0,"70":0,"71":0,"72":0,"73":0,"74":0,"75":0,"76":0,"77":0,"78":0,"79":0,"80":0,"81":0,"82":0,"83":0,"84":0,"85":0,"86":0,"87":0,"88":0,"89":0,"90":0,"91":0,"92":0,"93":0,"94":0,"95":0,"96":0,"97":0,"98":0,"99":0,"100":0,"101":0,"102":0,"103":0,"104":0,"105":0,"106":0,"107":0,"108":0,"109":0,"110":0,"111":0,"112":0,"113":0,"114":0,"115":0,"116":0,"117":0,"118":0,"119":0,"120":0,"121":0,"122":0,"123":0,"124":0,"125":0,"126":0,"127":0,"128":0,"129":0,"130":0,"131":0,"132":0,"133":0,"134":0,"135":0,"136":0,"137":0,"138":0,"139":0,"140":0,"141":0,"142":0,"143":0,"144":0,"145":0,"146":0,"147":0,"148":0,"149":0,"150":0,"151":0,"152":0,"153":0,"154":0},"f":{"0":0,"1":0,"2":0,"3":0,"4":0,"5":0,"6":0,"7":0,"8":0,"9":0,"10":0,"11":0,"12":0,"13":0,"14":0,"15":0,"16":0,"17":0,"18":0,"19":0,"20":0,"21":0,"22":0},"b":{"0":[0,0],"1":[0,0],"2":[0,0],"3":[0,0],"4":[0,0],"5":[0,0],"6":[0],"7":[0,0],"8":[0,0],"9":[0,0],"10":[0,0],"11":[0,0],"12":[0,0],"13":[0,0],"14":[0,0],"15":[0,0],"16":[0,0],"17":[0,0],"18":[0,0],"19":[0,0],"20":[0,0],"21":[0,0],"22":[0,0],"23":[0,0]}}
,"E:\\Repositories\\TicketManager_LF10a\\src\\jest.config.js": {"path":"E:\\Repositories\\TicketManager_LF10a\\src\\jest.config.js","statementMap":{"0":{"start":{"line":1,"column":0},"end":{"line":21,"column":2}}},"fnMap":{},"branchMap":{},"s":{"0":0},"f":{},"b":{}}
,"E:\\Repositories\\TicketManager_LF10a\\src\\playwright.config.js": {"path":"E:\\Repositories\\TicketManager_LF10a\\src\\playwright.config.js","statementMap":{},"fnMap":{},"branchMap":{"0":{"loc":{"start":{"line":15,"column":11},"end":{"line":15,"column":33}},"type":"cond-expr","locations":[{"start":{"line":15,"column":28},"end":{"line":15,"column":29}},{"start":{"line":15,"column":32},"end":{"line":15,"column":33}}],"line":15},"1":{"loc":{"start":{"line":17,"column":11},"end":{"line":17,"column":41}},"type":"cond-expr","locations":[{"start":{"line":17,"column":28},"end":{"line":17,"column":29}},{"start":{"line":17,"column":32},"end":{"line":17,"column":41}}],"line":17}},"s":{},"f":{},"b":{"0":[0,0],"1":[0,0]}}
,"E:\\Repositories\\TicketManager_LF10a\\src\\renderer.js": {"path":"E:\\Repositories\\TicketManager_LF10a\\src\\renderer.js","statementMap":{"0":{"start":{"line":5,"column":25},"end":{"line":5,"column":65}},"1":{"start":{"line":7,"column":2},"end":{"line":7,"column":30}},"2":{"start":{"line":7,"column":23},"end":{"line":7,"column":30}},"3":{"start":{"line":10,"column":21},"end":{"line":10,"column":61}},"4":{"start":{"line":11,"column":15},"end":{"line":11,"column":39}},"5":{"start":{"line":14,"column":2},"end":{"line":20,"column":3}},"6":{"start":{"line":15,"column":4},"end":{"line":15,"column":36}},"7":{"start":{"line":16,"column":4},"end":{"line":16,"column":38}},"8":{"start":{"line":18,"column":4},"end":{"line":18,"column":39}},"9":{"start":{"line":19,"column":4},"end":{"line":19,"column":38}},"10":{"start":{"line":23,"column":2},"end":{"line":28,"column":5}},"11":{"start":{"line":24,"column":23},"end":{"line":24,"column":57}},"12":{"start":{"line":25,"column":21},"end":{"line":25,"column":50}},"13":{"start":{"line":26,"column":4},"end":{"line":26,"column":44}},"14":{"start":{"line":27,"column":4},"end":{"line":27,"column":58}},"15":{"start":{"line":31,"column":0},"end":{"line":541,"column":3}},"16":{"start":{"line":33,"column":2},"end":{"line":33,"column":23}},"17":{"start":{"line":35,"column":22},"end":{"line":35,"column":26}},"18":{"start":{"line":36,"column":24},"end":{"line":36,"column":28}},"19":{"start":{"line":39,"column":20},"end":{"line":39,"column":63}},"20":{"start":{"line":40,"column":2},"end":{"line":40,"column":38}},"21":{"start":{"line":42,"column":2},"end":{"line":45,"column":3}},"22":{"start":{"line":43,"column":4},"end":{"line":43,"column":40}},"23":{"start":{"line":44,"column":4},"end":{"line":44,"column":11}},"24":{"start":{"line":47,"column":20},"end":{"line":47,"column":54}},"25":{"start":{"line":48,"column":21},"end":{"line":48,"column":58}},"26":{"start":{"line":49,"column":18},"end":{"line":49,"column":53}},"27":{"start":{"line":50,"column":18},"end":{"line":50,"column":53}},"28":{"start":{"line":51,"column":19},"end":{"line":51,"column":54}},"29":{"start":{"line":52,"column":20},"end":{"line":52,"column":62}},"30":{"start":{"line":53,"column":21},"end":{"line":53,"column":53}},"31":{"start":{"line":54,"column":20},"end":{"line":54,"column":58}},"32":{"start":{"line":55,"column":20},"end":{"line":55,"column":55}},"33":{"start":{"line":56,"column":24},"end":{"line":56,"column":59}},"34":{"start":{"line":57,"column":22},"end":{"line":57,"column":60}},"35":{"start":{"line":58,"column":23},"end":{"line":58,"column":62}},"36":{"start":{"line":59,"column":20},"end":{"line":59,"column":56}},"37":{"start":{"line":61,"column":27},"end":{"line":61,"column":28}},"38":{"start":{"line":62,"column":21},"end":{"line":62,"column":23}},"39":{"start":{"line":63,"column":24},"end":{"line":63,"column":26}},"40":{"start":{"line":64,"column":20},"end":{"line":64,"column":21}},"41":{"start":{"line":65,"column":28},"end":{"line":65,"column":33}},"42":{"start":{"line":66,"column":20},"end":{"line":66,"column":29}},"43":{"start":{"line":67,"column":17},"end":{"line":67,"column":19}},"44":{"start":{"line":68,"column":25},"end":{"line":68,"column":30}},"45":{"start":{"line":69,"column":20},"end":{"line":69,"column":26}},"46":{"start":{"line":72,"column":21},"end":{"line":72,"column":22}},"47":{"start":{"line":73,"column":23},"end":{"line":73,"column":24}},"48":{"start":{"line":74,"column":20},"end":{"line":74,"column":21}},"49":{"start":{"line":77,"column":2},"end":{"line":77,"column":26}},"50":{"start":{"line":80,"column":4},"end":{"line":95,"column":5}},"51":{"start":{"line":81,"column":18},"end":{"line":81,"column":57}},"52":{"start":{"line":82,"column":6},"end":{"line":92,"column":7}},"53":{"start":{"line":83,"column":8},"end":{"line":83,"column":44}},"54":{"start":{"line":84,"column":25},"end":{"line":84,"column":67}},"55":{"start":{"line":85,"column":8},"end":{"line":85,"column":70}},"56":{"start":{"line":88,"column":8},"end":{"line":88,"column":29}},"57":{"start":{"line":91,"column":8},"end":{"line":91,"column":50}},"58":{"start":{"line":91,"column":25},"end":{"line":91,"column":45}},"59":{"start":{"line":94,"column":6},"end":{"line":94,"column":58}},"60":{"start":{"line":99,"column":26},"end":{"line":99,"column":69}},"61":{"start":{"line":101,"column":4},"end":{"line":126,"column":7}},"62":{"start":{"line":102,"column":21},"end":{"line":102,"column":40}},"63":{"start":{"line":105,"column":6},"end":{"line":111,"column":7}},"64":{"start":{"line":106,"column":8},"end":{"line":110,"column":9}},"65":{"start":{"line":107,"column":10},"end":{"line":107,"column":38}},"66":{"start":{"line":109,"column":10},"end":{"line":109,"column":34}},"67":{"start":{"line":114,"column":6},"end":{"line":120,"column":7}},"68":{"start":{"line":115,"column":8},"end":{"line":119,"column":9}},"69":{"start":{"line":116,"column":10},"end":{"line":116,"column":34}},"70":{"start":{"line":118,"column":10},"end":{"line":118,"column":38}},"71":{"start":{"line":123,"column":6},"end":{"line":125,"column":7}},"72":{"start":{"line":124,"column":8},"end":{"line":124,"column":32}},"73":{"start":{"line":130,"column":4},"end":{"line":146,"column":5}},"74":{"start":{"line":131,"column":18},"end":{"line":131,"column":45}},"75":{"start":{"line":132,"column":6},"end":{"line":143,"column":7}},"76":{"start":{"line":133,"column":8},"end":{"line":133,"column":28}},"77":{"start":{"line":136,"column":8},"end":{"line":142,"column":9}},"78":{"start":{"line":137,"column":10},"end":{"line":137,"column":41}},"79":{"start":{"line":138,"column":10},"end":{"line":138,"column":37}},"80":{"start":{"line":141,"column":10},"end":{"line":141,"column":45}},"81":{"start":{"line":145,"column":6},"end":{"line":145,"column":51}},"82":{"start":{"line":151,"column":25},"end":{"line":151,"column":103}},"83":{"start":{"line":151,"column":46},"end":{"line":151,"column":102}},"84":{"start":{"line":154,"column":4},"end":{"line":156,"column":5}},"85":{"start":{"line":155,"column":6},"end":{"line":155,"column":30}},"86":{"start":{"line":158,"column":4},"end":{"line":163,"column":7}},"87":{"start":{"line":159,"column":21},"end":{"line":159,"column":53}},"88":{"start":{"line":160,"column":6},"end":{"line":160,"column":38}},"89":{"start":{"line":161,"column":6},"end":{"line":161,"column":62}},"90":{"start":{"line":162,"column":6},"end":{"line":162,"column":40}},"91":{"start":{"line":167,"column":4},"end":{"line":169,"column":5}},"92":{"start":{"line":168,"column":6},"end":{"line":168,"column":13}},"93":{"start":{"line":171,"column":4},"end":{"line":171,"column":28}},"94":{"start":{"line":173,"column":4},"end":{"line":205,"column":5}},"95":{"start":{"line":174,"column":6},"end":{"line":174,"column":47}},"96":{"start":{"line":178,"column":6},"end":{"line":178,"column":76}},"97":{"start":{"line":180,"column":6},"end":{"line":183,"column":7}},"98":{"start":{"line":181,"column":8},"end":{"line":181,"column":76}},"99":{"start":{"line":182,"column":8},"end":{"line":182,"column":15}},"100":{"start":{"line":184,"column":6},"end":{"line":184,"column":36}},"101":{"start":{"line":186,"column":6},"end":{"line":191,"column":7}},"102":{"start":{"line":187,"column":8},"end":{"line":187,"column":65}},"103":{"start":{"line":188,"column":8},"end":{"line":188,"column":27}},"104":{"start":{"line":189,"column":8},"end":{"line":189,"column":27}},"105":{"start":{"line":190,"column":8},"end":{"line":190,"column":15}},"106":{"start":{"line":194,"column":6},"end":{"line":198,"column":7}},"107":{"start":{"line":195,"column":8},"end":{"line":195,"column":39}},"108":{"start":{"line":197,"column":8},"end":{"line":197,"column":85}},"109":{"start":{"line":197,"column":51},"end":{"line":197,"column":83}},"110":{"start":{"line":200,"column":6},"end":{"line":200,"column":25}},"111":{"start":{"line":201,"column":6},"end":{"line":201,"column":22}},"112":{"start":{"line":202,"column":6},"end":{"line":202,"column":30}},"113":{"start":{"line":204,"column":6},"end":{"line":204,"column":31}},"114":{"start":{"line":209,"column":4},"end":{"line":211,"column":5}},"115":{"start":{"line":210,"column":6},"end":{"line":210,"column":13}},"116":{"start":{"line":213,"column":4},"end":{"line":213,"column":28}},"117":{"start":{"line":215,"column":4},"end":{"line":247,"column":5}},"118":{"start":{"line":216,"column":6},"end":{"line":216,"column":47}},"119":{"start":{"line":220,"column":6},"end":{"line":220,"column":42}},"120":{"start":{"line":222,"column":6},"end":{"line":225,"column":7}},"121":{"start":{"line":223,"column":8},"end":{"line":223,"column":76}},"122":{"start":{"line":224,"column":8},"end":{"line":224,"column":15}},"123":{"start":{"line":226,"column":6},"end":{"line":226,"column":36}},"124":{"start":{"line":228,"column":6},"end":{"line":233,"column":7}},"125":{"start":{"line":229,"column":8},"end":{"line":229,"column":65}},"126":{"start":{"line":230,"column":8},"end":{"line":230,"column":27}},"127":{"start":{"line":231,"column":8},"end":{"line":231,"column":27}},"128":{"start":{"line":232,"column":8},"end":{"line":232,"column":15}},"129":{"start":{"line":236,"column":6},"end":{"line":240,"column":7}},"130":{"start":{"line":237,"column":8},"end":{"line":237,"column":39}},"131":{"start":{"line":239,"column":8},"end":{"line":239,"column":85}},"132":{"start":{"line":239,"column":51},"end":{"line":239,"column":83}},"133":{"start":{"line":242,"column":6},"end":{"line":242,"column":25}},"134":{"start":{"line":243,"column":6},"end":{"line":243,"column":22}},"135":{"start":{"line":244,"column":6},"end":{"line":244,"column":30}},"136":{"start":{"line":246,"column":6},"end":{"line":246,"column":31}},"137":{"start":{"line":251,"column":21},"end":{"line":251,"column":60}},"138":{"start":{"line":252,"column":27},"end":{"line":252,"column":69}},"139":{"start":{"line":254,"column":4},"end":{"line":266,"column":5}},"140":{"start":{"line":255,"column":6},"end":{"line":255,"column":54}},"141":{"start":{"line":256,"column":6},"end":{"line":256,"column":60}},"142":{"start":{"line":256,"column":26},"end":{"line":256,"column":60}},"143":{"start":{"line":257,"column":11},"end":{"line":266,"column":5}},"144":{"start":{"line":258,"column":6},"end":{"line":258,"column":57}},"145":{"start":{"line":259,"column":6},"end":{"line":259,"column":64}},"146":{"start":{"line":259,"column":26},"end":{"line":259,"column":64}},"147":{"start":{"line":260,"column":11},"end":{"line":266,"column":5}},"148":{"start":{"line":261,"column":6},"end":{"line":261,"column":59}},"149":{"start":{"line":262,"column":6},"end":{"line":262,"column":64}},"150":{"start":{"line":262,"column":26},"end":{"line":262,"column":64}},"151":{"start":{"line":264,"column":6},"end":{"line":264,"column":44}},"152":{"start":{"line":265,"column":6},"end":{"line":265,"column":64}},"153":{"start":{"line":265,"column":26},"end":{"line":265,"column":64}},"154":{"start":{"line":270,"column":4},"end":{"line":270,"column":39}},"155":{"start":{"line":271,"column":4},"end":{"line":277,"column":5}},"156":{"start":{"line":272,"column":6},"end":{"line":272,"column":37}},"157":{"start":{"line":273,"column":11},"end":{"line":277,"column":5}},"158":{"start":{"line":274,"column":6},"end":{"line":274,"column":95}},"159":{"start":{"line":274,"column":49},"end":{"line":274,"column":93}},"160":{"start":{"line":276,"column":6},"end":{"line":276,"column":76}},"161":{"start":{"line":276,"column":49},"end":{"line":276,"column":74}},"162":{"start":{"line":278,"column":4},"end":{"line":278,"column":24}},"163":{"start":{"line":279,"column":4},"end":{"line":279,"column":20}},"164":{"start":{"line":280,"column":4},"end":{"line":280,"column":18}},"165":{"start":{"line":283,"column":22},"end":{"line":283,"column":61}},"166":{"start":{"line":284,"column":4},"end":{"line":291,"column":7}},"167":{"start":{"line":285,"column":21},"end":{"line":285,"column":53}},"168":{"start":{"line":286,"column":6},"end":{"line":290,"column":7}},"169":{"start":{"line":287,"column":8},"end":{"line":287,"column":37}},"170":{"start":{"line":289,"column":8},"end":{"line":289,"column":40}},"171":{"start":{"line":296,"column":4},"end":{"line":296,"column":23}},"172":{"start":{"line":301,"column":18},"end":{"line":301,"column":37}},"173":{"start":{"line":302,"column":18},"end":{"line":302,"column":71}},"174":{"start":{"line":302,"column":43},"end":{"line":302,"column":63}},"175":{"start":{"line":303,"column":24},"end":{"line":303,"column":86}},"176":{"start":{"line":303,"column":49},"end":{"line":303,"column":78}},"177":{"start":{"line":304,"column":24},"end":{"line":304,"column":83}},"178":{"start":{"line":304,"column":49},"end":{"line":304,"column":75}},"179":{"start":{"line":305,"column":23},"end":{"line":305,"column":100}},"180":{"start":{"line":305,"column":48},"end":{"line":305,"column":92}},"181":{"start":{"line":308,"column":22},"end":{"line":308,"column":58}},"182":{"start":{"line":309,"column":22},"end":{"line":309,"column":58}},"183":{"start":{"line":310,"column":28},"end":{"line":310,"column":70}},"184":{"start":{"line":311,"column":28},"end":{"line":311,"column":70}},"185":{"start":{"line":312,"column":27},"end":{"line":312,"column":68}},"186":{"start":{"line":314,"column":4},"end":{"line":314,"column":49}},"187":{"start":{"line":314,"column":19},"end":{"line":314,"column":49}},"188":{"start":{"line":315,"column":4},"end":{"line":315,"column":49}},"189":{"start":{"line":315,"column":19},"end":{"line":315,"column":49}},"190":{"start":{"line":316,"column":4},"end":{"line":316,"column":67}},"191":{"start":{"line":316,"column":25},"end":{"line":316,"column":67}},"192":{"start":{"line":317,"column":4},"end":{"line":317,"column":67}},"193":{"start":{"line":317,"column":25},"end":{"line":317,"column":67}},"194":{"start":{"line":318,"column":4},"end":{"line":318,"column":64}},"195":{"start":{"line":318,"column":24},"end":{"line":318,"column":64}},"196":{"start":{"line":322,"column":4},"end":{"line":322,"column":47}},"197":{"start":{"line":323,"column":18},"end":{"line":323,"column":40}},"198":{"start":{"line":324,"column":23},"end":{"line":324,"column":71}},"199":{"start":{"line":325,"column":4},"end":{"line":325,"column":27}},"200":{"start":{"line":325,"column":18},"end":{"line":325,"column":27}},"201":{"start":{"line":326,"column":4},"end":{"line":326,"column":45}},"202":{"start":{"line":326,"column":27},"end":{"line":326,"column":45}},"203":{"start":{"line":327,"column":4},"end":{"line":327,"column":23}},"204":{"start":{"line":329,"column":18},"end":{"line":329,"column":47}},"205":{"start":{"line":330,"column":16},"end":{"line":330,"column":57}},"206":{"start":{"line":331,"column":21},"end":{"line":331,"column":54}},"207":{"start":{"line":333,"column":4},"end":{"line":333,"column":29}},"208":{"start":{"line":335,"column":6},"end":{"line":335,"column":28}},"209":{"start":{"line":335,"column":18},"end":{"line":335,"column":28}},"210":{"start":{"line":336,"column":16},"end":{"line":336,"column":31}},"211":{"start":{"line":337,"column":6},"end":{"line":337,"column":33}},"212":{"start":{"line":337,"column":20},"end":{"line":337,"column":33}},"213":{"start":{"line":338,"column":21},"end":{"line":338,"column":94}},"214":{"start":{"line":339,"column":18},"end":{"line":339,"column":54}},"215":{"start":{"line":340,"column":17},"end":{"line":340,"column":54}},"216":{"start":{"line":341,"column":17},"end":{"line":341,"column":56}},"217":{"start":{"line":342,"column":6},"end":{"line":342,"column":77}},"218":{"start":{"line":345,"column":4},"end":{"line":374,"column":5}},"219":{"start":{"line":346,"column":17},"end":{"line":346,"column":45}},"220":{"start":{"line":347,"column":23},"end":{"line":347,"column":48}},"221":{"start":{"line":350,"column":23},"end":{"line":350,"column":25}},"222":{"start":{"line":351,"column":6},"end":{"line":366,"column":7}},"223":{"start":{"line":352,"column":20},"end":{"line":352,"column":34}},"224":{"start":{"line":353,"column":8},"end":{"line":363,"column":9}},"225":{"start":{"line":354,"column":10},"end":{"line":362,"column":11}},"226":{"start":{"line":355,"column":22},"end":{"line":355,"column":40}},"227":{"start":{"line":356,"column":12},"end":{"line":356,"column":63}},"228":{"start":{"line":358,"column":24},"end":{"line":358,"column":53}},"229":{"start":{"line":359,"column":22},"end":{"line":359,"column":57}},"230":{"start":{"line":360,"column":12},"end":{"line":360,"column":34}},"231":{"start":{"line":361,"column":12},"end":{"line":361,"column":63}},"232":{"start":{"line":365,"column":8},"end":{"line":365,"column":75}},"233":{"start":{"line":368,"column":24},"end":{"line":368,"column":26}},"234":{"start":{"line":369,"column":6},"end":{"line":369,"column":105}},"235":{"start":{"line":369,"column":22},"end":{"line":369,"column":105}},"236":{"start":{"line":370,"column":6},"end":{"line":370,"column":81}},"237":{"start":{"line":372,"column":6},"end":{"line":372,"column":212}},"238":{"start":{"line":373,"column":6},"end":{"line":373,"column":32}},"239":{"start":{"line":376,"column":4},"end":{"line":376,"column":23}},"240":{"start":{"line":380,"column":18},"end":{"line":380,"column":40}},"241":{"start":{"line":381,"column":23},"end":{"line":381,"column":71}},"242":{"start":{"line":382,"column":4},"end":{"line":382,"column":66}},"243":{"start":{"line":383,"column":4},"end":{"line":383,"column":40}},"244":{"start":{"line":384,"column":4},"end":{"line":384,"column":49}},"245":{"start":{"line":388,"column":4},"end":{"line":388,"column":22}},"246":{"start":{"line":388,"column":12},"end":{"line":388,"column":22}},"247":{"start":{"line":389,"column":4},"end":{"line":389,"column":86}},"248":{"start":{"line":393,"column":22},"end":{"line":393,"column":60}},"249":{"start":{"line":394,"column":2},"end":{"line":417,"column":3}},"250":{"start":{"line":395,"column":4},"end":{"line":416,"column":7}},"251":{"start":{"line":396,"column":20},"end":{"line":396,"column":48}},"252":{"start":{"line":397,"column":6},"end":{"line":412,"column":7}},"253":{"start":{"line":398,"column":8},"end":{"line":402,"column":9}},"254":{"start":{"line":399,"column":10},"end":{"line":399,"column":41}},"255":{"start":{"line":401,"column":10},"end":{"line":401,"column":87}},"256":{"start":{"line":401,"column":53},"end":{"line":401,"column":85}},"257":{"start":{"line":404,"column":28},"end":{"line":406,"column":70}},"258":{"start":{"line":406,"column":37},"end":{"line":406,"column":69}},"259":{"start":{"line":407,"column":8},"end":{"line":411,"column":10}},"260":{"start":{"line":408,"column":10},"end":{"line":410,"column":48}},"261":{"start":{"line":413,"column":6},"end":{"line":413,"column":26}},"262":{"start":{"line":414,"column":6},"end":{"line":414,"column":22}},"263":{"start":{"line":415,"column":6},"end":{"line":415,"column":20}},"264":{"start":{"line":420,"column":20},"end":{"line":420,"column":59}},"265":{"start":{"line":421,"column":2},"end":{"line":426,"column":5}},"266":{"start":{"line":422,"column":4},"end":{"line":425,"column":7}},"267":{"start":{"line":423,"column":21},"end":{"line":423,"column":53}},"268":{"start":{"line":424,"column":6},"end":{"line":424,"column":26}},"269":{"start":{"line":428,"column":2},"end":{"line":428,"column":52}},"270":{"start":{"line":429,"column":2},"end":{"line":429,"column":71}},"271":{"start":{"line":429,"column":42},"end":{"line":429,"column":69}},"272":{"start":{"line":430,"column":2},"end":{"line":430,"column":71}},"273":{"start":{"line":430,"column":42},"end":{"line":430,"column":69}},"274":{"start":{"line":433,"column":21},"end":{"line":433,"column":68}},"275":{"start":{"line":434,"column":2},"end":{"line":483,"column":3}},"276":{"start":{"line":435,"column":4},"end":{"line":482,"column":7}},"277":{"start":{"line":436,"column":6},"end":{"line":436,"column":25}},"278":{"start":{"line":437,"column":20},"end":{"line":437,"column":43}},"279":{"start":{"line":438,"column":26},"end":{"line":438,"column":48}},"280":{"start":{"line":439,"column":23},"end":{"line":439,"column":38}},"281":{"start":{"line":441,"column":25},"end":{"line":443,"column":14}},"282":{"start":{"line":445,"column":6},"end":{"line":449,"column":7}},"283":{"start":{"line":446,"column":8},"end":{"line":446,"column":61}},"284":{"start":{"line":447,"column":8},"end":{"line":447,"column":45}},"285":{"start":{"line":448,"column":8},"end":{"line":448,"column":15}},"286":{"start":{"line":450,"column":6},"end":{"line":454,"column":7}},"287":{"start":{"line":451,"column":8},"end":{"line":451,"column":66}},"288":{"start":{"line":452,"column":8},"end":{"line":452,"column":45}},"289":{"start":{"line":453,"column":8},"end":{"line":453,"column":15}},"290":{"start":{"line":455,"column":6},"end":{"line":459,"column":7}},"291":{"start":{"line":456,"column":8},"end":{"line":456,"column":61}},"292":{"start":{"line":457,"column":8},"end":{"line":457,"column":45}},"293":{"start":{"line":458,"column":8},"end":{"line":458,"column":15}},"294":{"start":{"line":461,"column":6},"end":{"line":461,"column":47}},"295":{"start":{"line":462,"column":6},"end":{"line":462,"column":43}},"296":{"start":{"line":463,"column":18},"end":{"line":470,"column":8}},"297":{"start":{"line":471,"column":6},"end":{"line":481,"column":7}},"298":{"start":{"line":472,"column":8},"end":{"line":472,"column":54}},"299":{"start":{"line":473,"column":8},"end":{"line":473,"column":45}},"300":{"start":{"line":474,"column":8},"end":{"line":474,"column":30}},"301":{"start":{"line":475,"column":8},"end":{"line":475,"column":29}},"302":{"start":{"line":476,"column":8},"end":{"line":476,"column":29}},"303":{"start":{"line":477,"column":8},"end":{"line":477,"column":33}},"304":{"start":{"line":479,"column":8},"end":{"line":479,"column":58}},"305":{"start":{"line":480,"column":8},"end":{"line":480,"column":45}},"306":{"start":{"line":485,"column":2},"end":{"line":489,"column":3}},"307":{"start":{"line":486,"column":4},"end":{"line":488,"column":7}},"308":{"start":{"line":487,"column":6},"end":{"line":487,"column":42}},"309":{"start":{"line":492,"column":24},"end":{"line":492,"column":67}},"310":{"start":{"line":493,"column":23},"end":{"line":493,"column":57}},"311":{"start":{"line":495,"column":2},"end":{"line":530,"column":5}},"312":{"start":{"line":496,"column":4},"end":{"line":529,"column":7}},"313":{"start":{"line":497,"column":6},"end":{"line":497,"column":32}},"314":{"start":{"line":497,"column":25},"end":{"line":497,"column":32}},"315":{"start":{"line":498,"column":6},"end":{"line":498,"column":48}},"316":{"start":{"line":498,"column":41},"end":{"line":498,"column":48}},"317":{"start":{"line":500,"column":21},"end":{"line":500,"column":40}},"318":{"start":{"line":503,"column":6},"end":{"line":506,"column":7}},"319":{"start":{"line":504,"column":8},"end":{"line":504,"column":73}},"320":{"start":{"line":505,"column":8},"end":{"line":505,"column":15}},"321":{"start":{"line":509,"column":6},"end":{"line":509,"column":65}},"322":{"start":{"line":509,"column":35},"end":{"line":509,"column":63}},"323":{"start":{"line":510,"column":6},"end":{"line":510,"column":35}},"324":{"start":{"line":513,"column":6},"end":{"line":513,"column":67}},"325":{"start":{"line":513,"column":37},"end":{"line":513,"column":65}},"326":{"start":{"line":516,"column":6},"end":{"line":528,"column":7}},"327":{"start":{"line":517,"column":8},"end":{"line":517,"column":29}},"328":{"start":{"line":518,"column":8},"end":{"line":518,"column":67}},"329":{"start":{"line":519,"column":8},"end":{"line":519,"column":29}},"330":{"start":{"line":520,"column":8},"end":{"line":520,"column":22}},"331":{"start":{"line":521,"column":13},"end":{"line":528,"column":7}},"332":{"start":{"line":522,"column":8},"end":{"line":522,"column":28}},"333":{"start":{"line":523,"column":8},"end":{"line":523,"column":67}},"334":{"start":{"line":524,"column":8},"end":{"line":524,"column":29}},"335":{"start":{"line":525,"column":8},"end":{"line":525,"column":25}},"336":{"start":{"line":526,"column":13},"end":{"line":528,"column":7}},"337":{"start":{"line":527,"column":8},"end":{"line":527,"column":73}},"338":{"start":{"line":533,"column":2},"end":{"line":540,"column":10}},"339":{"start":{"line":534,"column":4},"end":{"line":534,"column":25}},"340":{"start":{"line":535,"column":4},"end":{"line":535,"column":25}},"341":{"start":{"line":536,"column":4},"end":{"line":536,"column":18}},"342":{"start":{"line":538,"column":20},"end":{"line":538,"column":66}},"343":{"start":{"line":539,"column":4},"end":{"line":539,"column":49}},"344":{"start":{"line":539,"column":17},"end":{"line":539,"column":49}}},"fnMap":{"0":{"name":"initializeDarkMode","decl":{"start":{"line":4,"column":9},"end":{"line":4,"column":27}},"loc":{"start":{"line":4,"column":30},"end":{"line":29,"column":1}},"line":4},"1":{"name":"(anonymous_1)","decl":{"start":{"line":23,"column":43},"end":{"line":23,"column":44}},"loc":{"start":{"line":23,"column":49},"end":{"line":28,"column":3}},"line":23},"2":{"name":"(anonymous_2)","decl":{"start":{"line":31,"column":46},"end":{"line":31,"column":47}},"loc":{"start":{"line":31,"column":58},"end":{"line":541,"column":1}},"line":31},"3":{"name":"loadCurrentUser","decl":{"start":{"line":79,"column":17},"end":{"line":79,"column":32}},"loc":{"start":{"line":79,"column":35},"end":{"line":96,"column":3}},"line":79},"4":{"name":"(anonymous_4)","decl":{"start":{"line":91,"column":19},"end":{"line":91,"column":20}},"loc":{"start":{"line":91,"column":25},"end":{"line":91,"column":45}},"line":91},"5":{"name":"setupRoleBasedMenu","decl":{"start":{"line":98,"column":11},"end":{"line":98,"column":29}},"loc":{"start":{"line":98,"column":32},"end":{"line":127,"column":3}},"line":98},"6":{"name":"(anonymous_6)","decl":{"start":{"line":101,"column":26},"end":{"line":101,"column":27}},"loc":{"start":{"line":101,"column":34},"end":{"line":126,"column":5}},"line":101},"7":{"name":"loadAllUsers","decl":{"start":{"line":129,"column":17},"end":{"line":129,"column":29}},"loc":{"start":{"line":129,"column":32},"end":{"line":147,"column":3}},"line":129},"8":{"name":"populateAssigneeDropdown","decl":{"start":{"line":149,"column":11},"end":{"line":149,"column":35}},"loc":{"start":{"line":149,"column":38},"end":{"line":164,"column":3}},"line":149},"9":{"name":"(anonymous_9)","decl":{"start":{"line":151,"column":41},"end":{"line":151,"column":42}},"loc":{"start":{"line":151,"column":46},"end":{"line":151,"column":102}},"line":151},"10":{"name":"(anonymous_10)","decl":{"start":{"line":158,"column":25},"end":{"line":158,"column":26}},"loc":{"start":{"line":158,"column":33},"end":{"line":163,"column":5}},"line":158},"11":{"name":"loadTickets","decl":{"start":{"line":166,"column":17},"end":{"line":166,"column":28}},"loc":{"start":{"line":166,"column":31},"end":{"line":206,"column":3}},"line":166},"12":{"name":"(anonymous_12)","decl":{"start":{"line":197,"column":46},"end":{"line":197,"column":47}},"loc":{"start":{"line":197,"column":51},"end":{"line":197,"column":83}},"line":197},"13":{"name":"loadAllTickets","decl":{"start":{"line":208,"column":17},"end":{"line":208,"column":31}},"loc":{"start":{"line":208,"column":34},"end":{"line":248,"column":3}},"line":208},"14":{"name":"(anonymous_14)","decl":{"start":{"line":239,"column":46},"end":{"line":239,"column":47}},"loc":{"start":{"line":239,"column":51},"end":{"line":239,"column":83}},"line":239},"15":{"name":"updateHomeSubtitle","decl":{"start":{"line":250,"column":11},"end":{"line":250,"column":29}},"loc":{"start":{"line":250,"column":32},"end":{"line":267,"column":3}},"line":250},"16":{"name":"applyFilter","decl":{"start":{"line":269,"column":11},"end":{"line":269,"column":22}},"loc":{"start":{"line":269,"column":37},"end":{"line":292,"column":3}},"line":269},"17":{"name":"(anonymous_17)","decl":{"start":{"line":274,"column":44},"end":{"line":274,"column":45}},"loc":{"start":{"line":274,"column":49},"end":{"line":274,"column":93}},"line":274},"18":{"name":"(anonymous_18)","decl":{"start":{"line":276,"column":44},"end":{"line":276,"column":45}},"loc":{"start":{"line":276,"column":49},"end":{"line":276,"column":74}},"line":276},"19":{"name":"(anonymous_19)","decl":{"start":{"line":284,"column":22},"end":{"line":284,"column":23}},"loc":{"start":{"line":284,"column":30},"end":{"line":291,"column":5}},"line":284},"20":{"name":"updateTicketCount","decl":{"start":{"line":294,"column":11},"end":{"line":294,"column":28}},"loc":{"start":{"line":294,"column":31},"end":{"line":297,"column":3}},"line":294},"21":{"name":"updateStatistics","decl":{"start":{"line":299,"column":11},"end":{"line":299,"column":27}},"loc":{"start":{"line":299,"column":30},"end":{"line":319,"column":3}},"line":299},"22":{"name":"(anonymous_22)","decl":{"start":{"line":302,"column":38},"end":{"line":302,"column":39}},"loc":{"start":{"line":302,"column":43},"end":{"line":302,"column":63}},"line":302},"23":{"name":"(anonymous_23)","decl":{"start":{"line":303,"column":44},"end":{"line":303,"column":45}},"loc":{"start":{"line":303,"column":49},"end":{"line":303,"column":78}},"line":303},"24":{"name":"(anonymous_24)","decl":{"start":{"line":304,"column":44},"end":{"line":304,"column":45}},"loc":{"start":{"line":304,"column":49},"end":{"line":304,"column":75}},"line":304},"25":{"name":"(anonymous_25)","decl":{"start":{"line":305,"column":43},"end":{"line":305,"column":44}},"loc":{"start":{"line":305,"column":48},"end":{"line":305,"column":92}},"line":305},"26":{"name":"renderPage","decl":{"start":{"line":321,"column":17},"end":{"line":321,"column":27}},"loc":{"start":{"line":321,"column":34},"end":{"line":377,"column":3}},"line":321},"27":{"name":"formatDate","decl":{"start":{"line":334,"column":13},"end":{"line":334,"column":23}},"loc":{"start":{"line":334,"column":31},"end":{"line":343,"column":5}},"line":334},"28":{"name":"updatePagination","decl":{"start":{"line":379,"column":11},"end":{"line":379,"column":27}},"loc":{"start":{"line":379,"column":30},"end":{"line":385,"column":3}},"line":379},"29":{"name":"escapeHtml","decl":{"start":{"line":387,"column":11},"end":{"line":387,"column":21}},"loc":{"start":{"line":387,"column":25},"end":{"line":390,"column":3}},"line":387},"30":{"name":"(anonymous_30)","decl":{"start":{"line":395,"column":42},"end":{"line":395,"column":43}},"loc":{"start":{"line":395,"column":49},"end":{"line":416,"column":5}},"line":395},"31":{"name":"(anonymous_31)","decl":{"start":{"line":401,"column":48},"end":{"line":401,"column":49}},"loc":{"start":{"line":401,"column":53},"end":{"line":401,"column":85}},"line":401},"32":{"name":"(anonymous_32)","decl":{"start":{"line":406,"column":32},"end":{"line":406,"column":33}},"loc":{"start":{"line":406,"column":37},"end":{"line":406,"column":69}},"line":406},"33":{"name":"(anonymous_33)","decl":{"start":{"line":407,"column":45},"end":{"line":407,"column":46}},"loc":{"start":{"line":408,"column":10},"end":{"line":410,"column":48}},"line":408},"34":{"name":"(anonymous_34)","decl":{"start":{"line":421,"column":20},"end":{"line":421,"column":21}},"loc":{"start":{"line":421,"column":28},"end":{"line":426,"column":3}},"line":421},"35":{"name":"(anonymous_35)","decl":{"start":{"line":422,"column":35},"end":{"line":422,"column":36}},"loc":{"start":{"line":422,"column":41},"end":{"line":425,"column":5}},"line":422},"36":{"name":"(anonymous_36)","decl":{"start":{"line":429,"column":36},"end":{"line":429,"column":37}},"loc":{"start":{"line":429,"column":42},"end":{"line":429,"column":69}},"line":429},"37":{"name":"(anonymous_37)","decl":{"start":{"line":430,"column":36},"end":{"line":430,"column":37}},"loc":{"start":{"line":430,"column":42},"end":{"line":430,"column":69}},"line":430},"38":{"name":"(anonymous_38)","decl":{"start":{"line":435,"column":42},"end":{"line":435,"column":43}},"loc":{"start":{"line":435,"column":55},"end":{"line":482,"column":5}},"line":435},"39":{"name":"(anonymous_39)","decl":{"start":{"line":486,"column":40},"end":{"line":486,"column":41}},"loc":{"start":{"line":486,"column":46},"end":{"line":488,"column":5}},"line":486},"40":{"name":"(anonymous_40)","decl":{"start":{"line":495,"column":24},"end":{"line":495,"column":25}},"loc":{"start":{"line":495,"column":34},"end":{"line":530,"column":3}},"line":495},"41":{"name":"(anonymous_41)","decl":{"start":{"line":496,"column":35},"end":{"line":496,"column":36}},"loc":{"start":{"line":496,"column":42},"end":{"line":529,"column":5}},"line":496},"42":{"name":"(anonymous_42)","decl":{"start":{"line":509,"column":28},"end":{"line":509,"column":29}},"loc":{"start":{"line":509,"column":35},"end":{"line":509,"column":63}},"line":509},"43":{"name":"(anonymous_43)","decl":{"start":{"line":513,"column":27},"end":{"line":513,"column":28}},"loc":{"start":{"line":513,"column":37},"end":{"line":513,"column":65}},"line":513},"44":{"name":"(anonymous_44)","decl":{"start":{"line":533,"column":13},"end":{"line":533,"column":14}},"loc":{"start":{"line":533,"column":19},"end":{"line":540,"column":3}},"line":533}},"branchMap":{"0":{"loc":{"start":{"line":7,"column":2},"end":{"line":7,"column":30}},"type":"if","locations":[{"start":{"line":7,"column":2},"end":{"line":7,"column":30}},{"start":{},"end":{}}],"line":7},"1":{"loc":{"start":{"line":10,"column":21},"end":{"line":10,"column":61}},"type":"binary-expr","locations":[{"start":{"line":10,"column":21},"end":{"line":10,"column":50}},{"start":{"line":10,"column":54},"end":{"line":10,"column":61}}],"line":10},"2":{"loc":{"start":{"line":14,"column":2},"end":{"line":20,"column":3}},"type":"if","locations":[{"start":{"line":14,"column":2},"end":{"line":20,"column":3}},{"start":{"line":17,"column":9},"end":{"line":20,"column":3}}],"line":14},"3":{"loc":{"start":{"line":25,"column":21},"end":{"line":25,"column":50}},"type":"cond-expr","locations":[{"start":{"line":25,"column":34},"end":{"line":25,"column":40}},{"start":{"line":25,"column":43},"end":{"line":25,"column":50}}],"line":25},"4":{"loc":{"start":{"line":27,"column":33},"end":{"line":27,"column":57}},"type":"cond-expr","locations":[{"start":{"line":27,"column":46},"end":{"line":27,"column":50}},{"start":{"line":27,"column":53},"end":{"line":27,"column":57}}],"line":27},"5":{"loc":{"start":{"line":42,"column":2},"end":{"line":45,"column":3}},"type":"if","locations":[{"start":{"line":42,"column":2},"end":{"line":45,"column":3}},{"start":{},"end":{}}],"line":42},"6":{"loc":{"start":{"line":82,"column":6},"end":{"line":92,"column":7}},"type":"if","locations":[{"start":{"line":82,"column":6},"end":{"line":92,"column":7}},{"start":{},"end":{}}],"line":82},"7":{"loc":{"start":{"line":82,"column":10},"end":{"line":82,"column":40}},"type":"binary-expr","locations":[{"start":{"line":82,"column":10},"end":{"line":82,"column":13}},{"start":{"line":82,"column":17},"end":{"line":82,"column":28}},{"start":{"line":82,"column":32},"end":{"line":82,"column":40}}],"line":82},"8":{"loc":{"start":{"line":105,"column":6},"end":{"line":111,"column":7}},"type":"if","locations":[{"start":{"line":105,"column":6},"end":{"line":111,"column":7}},{"start":{},"end":{}}],"line":105},"9":{"loc":{"start":{"line":106,"column":8},"end":{"line":110,"column":9}},"type":"if","locations":[{"start":{"line":106,"column":8},"end":{"line":110,"column":9}},{"start":{"line":108,"column":15},"end":{"line":110,"column":9}}],"line":106},"10":{"loc":{"start":{"line":114,"column":6},"end":{"line":120,"column":7}},"type":"if","locations":[{"start":{"line":114,"column":6},"end":{"line":120,"column":7}},{"start":{},"end":{}}],"line":114},"11":{"loc":{"start":{"line":115,"column":8},"end":{"line":119,"column":9}},"type":"if","locations":[{"start":{"line":115,"column":8},"end":{"line":119,"column":9}},{"start":{"line":117,"column":15},"end":{"line":119,"column":9}}],"line":115},"12":{"loc":{"start":{"line":123,"column":6},"end":{"line":125,"column":7}},"type":"if","locations":[{"start":{"line":123,"column":6},"end":{"line":125,"column":7}},{"start":{},"end":{}}],"line":123},"13":{"loc":{"start":{"line":132,"column":6},"end":{"line":143,"column":7}},"type":"if","locations":[{"start":{"line":132,"column":6},"end":{"line":143,"column":7}},{"start":{},"end":{}}],"line":132},"14":{"loc":{"start":{"line":132,"column":10},"end":{"line":132,"column":40}},"type":"binary-expr","locations":[{"start":{"line":132,"column":10},"end":{"line":132,"column":13}},{"start":{"line":132,"column":17},"end":{"line":132,"column":28}},{"start":{"line":132,"column":32},"end":{"line":132,"column":40}}],"line":132},"15":{"loc":{"start":{"line":136,"column":8},"end":{"line":142,"column":9}},"type":"if","locations":[{"start":{"line":136,"column":8},"end":{"line":142,"column":9}},{"start":{"line":139,"column":15},"end":{"line":142,"column":9}}],"line":136},"16":{"loc":{"start":{"line":136,"column":12},"end":{"line":136,"column":78}},"type":"binary-expr","locations":[{"start":{"line":136,"column":12},"end":{"line":136,"column":42}},{"start":{"line":136,"column":46},"end":{"line":136,"column":78}}],"line":136},"17":{"loc":{"start":{"line":151,"column":46},"end":{"line":151,"column":102}},"type":"binary-expr","locations":[{"start":{"line":151,"column":46},"end":{"line":151,"column":71}},{"start":{"line":151,"column":75},"end":{"line":151,"column":102}}],"line":151},"18":{"loc":{"start":{"line":167,"column":4},"end":{"line":169,"column":5}},"type":"if","locations":[{"start":{"line":167,"column":4},"end":{"line":169,"column":5}},{"start":{},"end":{}}],"line":167},"19":{"loc":{"start":{"line":180,"column":6},"end":{"line":183,"column":7}},"type":"if","locations":[{"start":{"line":180,"column":6},"end":{"line":183,"column":7}},{"start":{},"end":{}}],"line":180},"20":{"loc":{"start":{"line":184,"column":21},"end":{"line":184,"column":35}},"type":"binary-expr","locations":[{"start":{"line":184,"column":21},"end":{"line":184,"column":29}},{"start":{"line":184,"column":33},"end":{"line":184,"column":35}}],"line":184},"21":{"loc":{"start":{"line":186,"column":6},"end":{"line":191,"column":7}},"type":"if","locations":[{"start":{"line":186,"column":6},"end":{"line":191,"column":7}},{"start":{},"end":{}}],"line":186},"22":{"loc":{"start":{"line":194,"column":6},"end":{"line":198,"column":7}},"type":"if","locations":[{"start":{"line":194,"column":6},"end":{"line":198,"column":7}},{"start":{"line":196,"column":13},"end":{"line":198,"column":7}}],"line":194},"23":{"loc":{"start":{"line":209,"column":4},"end":{"line":211,"column":5}},"type":"if","locations":[{"start":{"line":209,"column":4},"end":{"line":211,"column":5}},{"start":{},"end":{}}],"line":209},"24":{"loc":{"start":{"line":222,"column":6},"end":{"line":225,"column":7}},"type":"if","locations":[{"start":{"line":222,"column":6},"end":{"line":225,"column":7}},{"start":{},"end":{}}],"line":222},"25":{"loc":{"start":{"line":226,"column":21},"end":{"line":226,"column":35}},"type":"binary-expr","locations":[{"start":{"line":226,"column":21},"end":{"line":226,"column":29}},{"start":{"line":226,"column":33},"end":{"line":226,"column":35}}],"line":226},"26":{"loc":{"start":{"line":228,"column":6},"end":{"line":233,"column":7}},"type":"if","locations":[{"start":{"line":228,"column":6},"end":{"line":233,"column":7}},{"start":{},"end":{}}],"line":228},"27":{"loc":{"start":{"line":236,"column":6},"end":{"line":240,"column":7}},"type":"if","locations":[{"start":{"line":236,"column":6},"end":{"line":240,"column":7}},{"start":{"line":238,"column":13},"end":{"line":240,"column":7}}],"line":236},"28":{"loc":{"start":{"line":254,"column":4},"end":{"line":266,"column":5}},"type":"if","locations":[{"start":{"line":254,"column":4},"end":{"line":266,"column":5}},{"start":{"line":257,"column":11},"end":{"line":266,"column":5}}],"line":254},"29":{"loc":{"start":{"line":256,"column":6},"end":{"line":256,"column":60}},"type":"if","locations":[{"start":{"line":256,"column":6},"end":{"line":256,"column":60}},{"start":{},"end":{}}],"line":256},"30":{"loc":{"start":{"line":257,"column":11},"end":{"line":266,"column":5}},"type":"if","locations":[{"start":{"line":257,"column":11},"end":{"line":266,"column":5}},{"start":{"line":260,"column":11},"end":{"line":266,"column":5}}],"line":257},"31":{"loc":{"start":{"line":257,"column":15},"end":{"line":257,"column":81}},"type":"binary-expr","locations":[{"start":{"line":257,"column":15},"end":{"line":257,"column":45}},{"start":{"line":257,"column":49},"end":{"line":257,"column":81}}],"line":257},"32":{"loc":{"start":{"line":259,"column":6},"end":{"line":259,"column":64}},"type":"if","locations":[{"start":{"line":259,"column":6},"end":{"line":259,"column":64}},{"start":{},"end":{}}],"line":259},"33":{"loc":{"start":{"line":260,"column":11},"end":{"line":266,"column":5}},"type":"if","locations":[{"start":{"line":260,"column":11},"end":{"line":266,"column":5}},{"start":{"line":263,"column":11},"end":{"line":266,"column":5}}],"line":260},"34":{"loc":{"start":{"line":262,"column":6},"end":{"line":262,"column":64}},"type":"if","locations":[{"start":{"line":262,"column":6},"end":{"line":262,"column":64}},{"start":{},"end":{}}],"line":262},"35":{"loc":{"start":{"line":265,"column":6},"end":{"line":265,"column":64}},"type":"if","locations":[{"start":{"line":265,"column":6},"end":{"line":265,"column":64}},{"start":{},"end":{}}],"line":265},"36":{"loc":{"start":{"line":271,"column":4},"end":{"line":277,"column":5}},"type":"if","locations":[{"start":{"line":271,"column":4},"end":{"line":277,"column":5}},{"start":{"line":273,"column":11},"end":{"line":277,"column":5}}],"line":271},"37":{"loc":{"start":{"line":273,"column":11},"end":{"line":277,"column":5}},"type":"if","locations":[{"start":{"line":273,"column":11},"end":{"line":277,"column":5}},{"start":{"line":275,"column":11},"end":{"line":277,"column":5}}],"line":273},"38":{"loc":{"start":{"line":274,"column":49},"end":{"line":274,"column":93}},"type":"binary-expr","locations":[{"start":{"line":274,"column":49},"end":{"line":274,"column":65}},{"start":{"line":274,"column":69},"end":{"line":274,"column":93}}],"line":274},"39":{"loc":{"start":{"line":286,"column":6},"end":{"line":290,"column":7}},"type":"if","locations":[{"start":{"line":286,"column":6},"end":{"line":290,"column":7}},{"start":{"line":288,"column":13},"end":{"line":290,"column":7}}],"line":286},"40":{"loc":{"start":{"line":305,"column":48},"end":{"line":305,"column":92}},"type":"binary-expr","locations":[{"start":{"line":305,"column":48},"end":{"line":305,"column":64}},{"start":{"line":305,"column":68},"end":{"line":305,"column":92}}],"line":305},"41":{"loc":{"start":{"line":314,"column":4},"end":{"line":314,"column":49}},"type":"if","locations":[{"start":{"line":314,"column":4},"end":{"line":314,"column":49}},{"start":{},"end":{}}],"line":314},"42":{"loc":{"start":{"line":315,"column":4},"end":{"line":315,"column":49}},"type":"if","locations":[{"start":{"line":315,"column":4},"end":{"line":315,"column":49}},{"start":{},"end":{}}],"line":315},"43":{"loc":{"start":{"line":316,"column":4},"end":{"line":316,"column":67}},"type":"if","locations":[{"start":{"line":316,"column":4},"end":{"line":316,"column":67}},{"start":{},"end":{}}],"line":316},"44":{"loc":{"start":{"line":317,"column":4},"end":{"line":317,"column":67}},"type":"if","locations":[{"start":{"line":317,"column":4},"end":{"line":317,"column":67}},{"start":{},"end":{}}],"line":317},"45":{"loc":{"start":{"line":318,"column":4},"end":{"line":318,"column":64}},"type":"if","locations":[{"start":{"line":318,"column":4},"end":{"line":318,"column":64}},{"start":{},"end":{}}],"line":318},"46":{"loc":{"start":{"line":325,"column":4},"end":{"line":325,"column":27}},"type":"if","locations":[{"start":{"line":325,"column":4},"end":{"line":325,"column":27}},{"start":{},"end":{}}],"line":325},"47":{"loc":{"start":{"line":326,"column":4},"end":{"line":326,"column":45}},"type":"if","locations":[{"start":{"line":326,"column":4},"end":{"line":326,"column":45}},{"start":{},"end":{}}],"line":326},"48":{"loc":{"start":{"line":335,"column":6},"end":{"line":335,"column":28}},"type":"if","locations":[{"start":{"line":335,"column":6},"end":{"line":335,"column":28}},{"start":{},"end":{}}],"line":335},"49":{"loc":{"start":{"line":337,"column":6},"end":{"line":337,"column":33}},"type":"if","locations":[{"start":{"line":337,"column":6},"end":{"line":337,"column":33}},{"start":{},"end":{}}],"line":337},"50":{"loc":{"start":{"line":353,"column":8},"end":{"line":363,"column":9}},"type":"if","locations":[{"start":{"line":353,"column":8},"end":{"line":363,"column":9}},{"start":{},"end":{}}],"line":353},"51":{"loc":{"start":{"line":354,"column":10},"end":{"line":362,"column":11}},"type":"if","locations":[{"start":{"line":354,"column":10},"end":{"line":362,"column":11}},{"start":{"line":357,"column":17},"end":{"line":362,"column":11}}],"line":354},"52":{"loc":{"start":{"line":356,"column":25},"end":{"line":356,"column":62}},"type":"cond-expr","locations":[{"start":{"line":356,"column":29},"end":{"line":356,"column":57}},{"start":{"line":356,"column":60},"end":{"line":356,"column":62}}],"line":356},"53":{"loc":{"start":{"line":359,"column":22},"end":{"line":359,"column":57}},"type":"cond-expr","locations":[{"start":{"line":359,"column":42},"end":{"line":359,"column":50}},{"start":{"line":359,"column":53},"end":{"line":359,"column":57}}],"line":359},"54":{"loc":{"start":{"line":359,"column":23},"end":{"line":359,"column":38}},"type":"binary-expr","locations":[{"start":{"line":359,"column":23},"end":{"line":359,"column":26}},{"start":{"line":359,"column":30},"end":{"line":359,"column":38}}],"line":359},"55":{"loc":{"start":{"line":361,"column":25},"end":{"line":361,"column":62}},"type":"cond-expr","locations":[{"start":{"line":361,"column":29},"end":{"line":361,"column":57}},{"start":{"line":361,"column":60},"end":{"line":361,"column":62}}],"line":361},"56":{"loc":{"start":{"line":369,"column":6},"end":{"line":369,"column":105}},"type":"if","locations":[{"start":{"line":369,"column":6},"end":{"line":369,"column":105}},{"start":{},"end":{}}],"line":369},"57":{"loc":{"start":{"line":388,"column":4},"end":{"line":388,"column":22}},"type":"if","locations":[{"start":{"line":388,"column":4},"end":{"line":388,"column":22}},{"start":{},"end":{}}],"line":388},"58":{"loc":{"start":{"line":394,"column":2},"end":{"line":417,"column":3}},"type":"if","locations":[{"start":{"line":394,"column":2},"end":{"line":417,"column":3}},{"start":{},"end":{}}],"line":394},"59":{"loc":{"start":{"line":397,"column":6},"end":{"line":412,"column":7}},"type":"if","locations":[{"start":{"line":397,"column":6},"end":{"line":412,"column":7}},{"start":{"line":403,"column":13},"end":{"line":412,"column":7}}],"line":397},"60":{"loc":{"start":{"line":398,"column":8},"end":{"line":402,"column":9}},"type":"if","locations":[{"start":{"line":398,"column":8},"end":{"line":402,"column":9}},{"start":{"line":400,"column":15},"end":{"line":402,"column":9}}],"line":398},"61":{"loc":{"start":{"line":404,"column":28},"end":{"line":406,"column":70}},"type":"cond-expr","locations":[{"start":{"line":405,"column":12},"end":{"line":405,"column":24}},{"start":{"line":406,"column":12},"end":{"line":406,"column":70}}],"line":404},"62":{"loc":{"start":{"line":408,"column":10},"end":{"line":410,"column":48}},"type":"binary-expr","locations":[{"start":{"line":408,"column":10},"end":{"line":408,"column":47}},{"start":{"line":409,"column":10},"end":{"line":409,"column":54}},{"start":{"line":410,"column":10},"end":{"line":410,"column":48}}],"line":408},"63":{"loc":{"start":{"line":434,"column":2},"end":{"line":483,"column":3}},"type":"if","locations":[{"start":{"line":434,"column":2},"end":{"line":483,"column":3}},{"start":{},"end":{}}],"line":434},"64":{"loc":{"start":{"line":441,"column":25},"end":{"line":443,"column":14}},"type":"cond-expr","locations":[{"start":{"line":442,"column":11},"end":{"line":442,"column":38}},{"start":{"line":443,"column":10},"end":{"line":443,"column":14}}],"line":441},"65":{"loc":{"start":{"line":441,"column":26},"end":{"line":441,"column":92}},"type":"binary-expr","locations":[{"start":{"line":441,"column":26},"end":{"line":441,"column":56}},{"start":{"line":441,"column":60},"end":{"line":441,"column":92}}],"line":441},"66":{"loc":{"start":{"line":442,"column":11},"end":{"line":442,"column":38}},"type":"binary-expr","locations":[{"start":{"line":442,"column":11},"end":{"line":442,"column":30}},{"start":{"line":442,"column":34},"end":{"line":442,"column":38}}],"line":442},"67":{"loc":{"start":{"line":445,"column":6},"end":{"line":449,"column":7}},"type":"if","locations":[{"start":{"line":445,"column":6},"end":{"line":449,"column":7}},{"start":{},"end":{}}],"line":445},"68":{"loc":{"start":{"line":450,"column":6},"end":{"line":454,"column":7}},"type":"if","locations":[{"start":{"line":450,"column":6},"end":{"line":454,"column":7}},{"start":{},"end":{}}],"line":450},"69":{"loc":{"start":{"line":455,"column":6},"end":{"line":459,"column":7}},"type":"if","locations":[{"start":{"line":455,"column":6},"end":{"line":459,"column":7}},{"start":{},"end":{}}],"line":455},"70":{"loc":{"start":{"line":471,"column":6},"end":{"line":481,"column":7}},"type":"if","locations":[{"start":{"line":471,"column":6},"end":{"line":481,"column":7}},{"start":{"line":478,"column":13},"end":{"line":481,"column":7}}],"line":471},"71":{"loc":{"start":{"line":485,"column":2},"end":{"line":489,"column":3}},"type":"if","locations":[{"start":{"line":485,"column":2},"end":{"line":489,"column":3}},{"start":{},"end":{}}],"line":485},"72":{"loc":{"start":{"line":497,"column":6},"end":{"line":497,"column":32}},"type":"if","locations":[{"start":{"line":497,"column":6},"end":{"line":497,"column":32}},{"start":{},"end":{}}],"line":497},"73":{"loc":{"start":{"line":498,"column":6},"end":{"line":498,"column":48}},"type":"if","locations":[{"start":{"line":498,"column":6},"end":{"line":498,"column":48}},{"start":{},"end":{}}],"line":498},"74":{"loc":{"start":{"line":503,"column":6},"end":{"line":506,"column":7}},"type":"if","locations":[{"start":{"line":503,"column":6},"end":{"line":506,"column":7}},{"start":{},"end":{}}],"line":503},"75":{"loc":{"start":{"line":516,"column":6},"end":{"line":528,"column":7}},"type":"if","locations":[{"start":{"line":516,"column":6},"end":{"line":528,"column":7}},{"start":{"line":521,"column":13},"end":{"line":528,"column":7}}],"line":516},"76":{"loc":{"start":{"line":521,"column":13},"end":{"line":528,"column":7}},"type":"if","locations":[{"start":{"line":521,"column":13},"end":{"line":528,"column":7}},{"start":{"line":526,"column":13},"end":{"line":528,"column":7}}],"line":521},"77":{"loc":{"start":{"line":526,"column":13},"end":{"line":528,"column":7}},"type":"if","locations":[{"start":{"line":526,"column":13},"end":{"line":528,"column":7}},{"start":{},"end":{}}],"line":526},"78":{"loc":{"start":{"line":539,"column":4},"end":{"line":539,"column":49}},"type":"if","locations":[{"start":{"line":539,"column":4},"end":{"line":539,"column":49}},{"start":{},"end":{}}],"line":539}},"s":{"0":0,"1":0,"2":0,"3":0,"4":0,"5":0,"6":0,"7":0,"8":0,"9":0,"10":0,"11":0,"12":0,"13":0,"14":0,"15":0,"16":0,"17":0,"18":0,"19":0,"20":0,"21":0,"22":0,"23":0,"24":0,"25":0,"26":0,"27":0,"28":0,"29":0,"30":0,"31":0,"32":0,"33":0,"34":0,"35":0,"36":0,"37":0,"38":0,"39":0,"40":0,"41":0,"42":0,"43":0,"44":0,"45":0,"46":0,"47":0,"48":0,"49":0,"50":0,"51":0,"52":0,"53":0,"54":0,"55":0,"56":0,"57":0,"58":0,"59":0,"60":0,"61":0,"62":0,"63":0,"64":0,"65":0,"66":0,"67":0,"68":0,"69":0,"70":0,"71":0,"72":0,"73":0,"74":0,"75":0,"76":0,"77":0,"78":0,"79":0,"80":0,"81":0,"82":0,"83":0,"84":0,"85":0,"86":0,"87":0,"88":0,"89":0,"90":0,"91":0,"92":0,"93":0,"94":0,"95":0,"96":0,"97":0,"98":0,"99":0,"100":0,"101":0,"102":0,"103":0,"104":0,"105":0,"106":0,"107":0,"108":0,"109":0,"110":0,"111":0,"112":0,"113":0,"114":0,"115":0,"116":0,"117":0,"118":0,"119":0,"120":0,"121":0,"122":0,"123":0,"124":0,"125":0,"126":0,"127":0,"128":0,"129":0,"130":0,"131":0,"132":0,"133":0,"134":0,"135":0,"136":0,"137":0,"138":0,"139":0,"140":0,"141":0,"142":0,"143":0,"144":0,"145":0,"146":0,"147":0,"148":0,"149":0,"150":0,"151":0,"152":0,"153":0,"154":0,"155":0,"156":0,"157":0,"158":0,"159":0,"160":0,"161":0,"162":0,"163":0,"164":0,"165":0,"166":0,"167":0,"168":0,"169":0,"170":0,"171":0,"172":0,"173":0,"174":0,"175":0,"176":0,"177":0,"178":0,"179":0,"180":0,"181":0,"182":0,"183":0,"184":0,"185":0,"186":0,"187":0,"188":0,"189":0,"190":0,"191":0,"192":0,"193":0,"194":0,"195":0,"196":0,"197":0,"198":0,"199":0,"200":0,"201":0,"202":0,"203":0,"204":0,"205":0,"206":0,"207":0,"208":0,"209":0,"210":0,"211":0,"212":0,"213":0,"214":0,"215":0,"216":0,"217":0,"218":0,"219":0,"220":0,"221":0,"222":0,"223":0,"224":0,"225":0,"226":0,"227":0,"228":0,"229":0,"230":0,"231":0,"232":0,"233":0,"234":0,"235":0,"236":0,"237":0,"238":0,"239":0,"240":0,"241":0,"242":0,"243":0,"244":0,"245":0,"246":0,"247":0,"248":0,"249":0,"250":0,"251":0,"252":0,"253":0,"254":0,"255":0,"256":0,"257":0,"258":0,"259":0,"260":0,"261":0,"262":0,"263":0,"264":0,"265":0,"266":0,"267":0,"268":0,"269":0,"270":0,"271":0,"272":0,"273":0,"274":0,"275":0,"276":0,"277":0,"278":0,"279":0,"280":0,"281":0,"282":0,"283":0,"284":0,"285":0,"286":0,"287":0,"288":0,"289":0,"290":0,"291":0,"292":0,"293":0,"294":0,"295":0,"296":0,"297":0,"298":0,"299":0,"300":0,"301":0,"302":0,"303":0,"304":0,"305":0,"306":0,"307":0,"308":0,"309":0,"310":0,"311":0,"312":0,"313":0,"314":0,"315":0,"316":0,"317":0,"318":0,"319":0,"320":0,"321":0,"322":0,"323":0,"324":0,"325":0,"326":0,"327":0,"328":0,"329":0,"330":0,"331":0,"332":0,"333":0,"334":0,"335":0,"336":0,"337":0,"338":0,"339":0,"340":0,"341":0,"342":0,"343":0,"344":0},"f":{"0":0,"1":0,"2":0,"3":0,"4":0,"5":0,"6":0,"7":0,"8":0,"9":0,"10":0,"11":0,"12":0,"13":0,"14":0,"15":0,"16":0,"17":0,"18":0,"19":0,"20":0,"21":0,"22":0,"23":0,"24":0,"25":0,"26":0,"27":0,"28":0,"29":0,"30":0,"31":0,"32":0,"33":0,"34":0,"35":0,"36":0,"37":0,"38":0,"39":0,"40":0,"41":0,"42":0,"43":0,"44":0},"b":{"0":[0,0],"1":[0,0],"2":[0,0],"3":[0,0],"4":[0,0],"5":[0,0],"6":[0,0],"7":[0,0,0],"8":[0,0],"9":[0,0],"10":[0,0],"11":[0,0],"12":[0,0],"13":[0,0],"14":[0,0,0],"15":[0,0],"16":[0,0],"17":[0,0],"18":[0,0],"19":[0,0],"20":[0,0],"21":[0,0],"22":[0,0],"23":[0,0],"24":[0,0],"25":[0,0],"26":[0,0],"27":[0,0],"28":[0,0],"29":[0,0],"30":[0,0],"31":[0,0],"32":[0,0],"33":[0,0],"34":[0,0],"35":[0,0],"36":[0,0],"37":[0,0],"38":[0,0],"39":[0,0],"40":[0,0],"41":[0,0],"42":[0,0],"43":[0,0],"44":[0,0],"45":[0,0],"46":[0,0],"47":[0,0],"48":[0,0],"49":[0,0],"50":[0,0],"51":[0,0],"52":[0,0],"53":[0,0],"54":[0,0],"55":[0,0],"56":[0,0],"57":[0,0],"58":[0,0],"59":[0,0],"60":[0,0],"61":[0,0],"62":[0,0,0],"63":[0,0],"64":[0,0],"65":[0,0],"66":[0,0],"67":[0,0],"68":[0,0],"69":[0,0],"70":[0,0],"71":[0,0],"72":[0,0],"73":[0,0],"74":[0,0],"75":[0,0],"76":[0,0],"77":[0,0],"78":[0,0]}}
[...]
":{"line":228,"column":50}},"118":{"start":{"line":229,"column":2},"end":{"line":229,"column":53}},"119":{"start":{"line":230,"column":2},"end":{"line":230,"column":55}},"120":{"start":{"line":233,"column":2},"end":{"line":233,"column":28}},"121":{"start":{"line":237,"column":2},"end":{"line":255,"column":3}},"122":{"start":{"line":238,"column":16},"end":{"line":238,"column":48}},"123":{"start":{"line":239,"column":4},"end":{"line":251,"column":5}},"124":{"start":{"line":240,"column":19},"end":{"line":240,"column":27}},"125":{"start":{"line":241,"column":6},"end":{"line":241,"column":119}},"126":{"start":{"line":242,"column":6},"end":{"line":242,"column":68}},"127":{"start":{"line":243,"column":6},"end":{"line":243,"column":68}},"128":{"start":{"line":244,"column":6},"end":{"line":244,"column":62}},"129":{"start":{"line":245,"column":6},"end":{"line":245,"column":73}},"130":{"start":{"line":246,"column":6},"end":{"line":246,"column":64}},"131":{"start":{"line":247,"column":6},"end":{"line":247,"column":65}},"132":{"start":{"line":249,"column":6},"end":{"line":249,"column":72}},"133":{"start":{"line":250,"column":6},"end":{"line":250,"column":32}},"134":{"start":{"line":253,"column":4},"end":{"line":253,"column":48}},"135":{"start":{"line":254,"column":4},"end":{"line":254,"column":84}},"136":{"start":{"line":259,"column":2},"end":{"line":259,"column":21}},"137":{"start":{"line":261,"column":2},"end":{"line":296,"column":3}},"138":{"start":{"line":262,"column":4},"end":{"line":262,"column":76}},"139":{"start":{"line":264,"column":21},"end":{"line":264,"column":76}},"140":{"start":{"line":265,"column":21},"end":{"line":272,"column":5}},"141":{"start":{"line":274,"column":19},"end":{"line":274,"column":75}},"142":{"start":{"line":277,"column":4},"end":{"line":283,"column":5}},"143":{"start":{"line":279,"column":6},"end":{"line":279,"column":58}},"144":{"start":{"line":282,"column":6},"end":{"line":282,"column":50}},"145":{"start":{"line":285,"column":4},"end":{"line":292,"column":5}},"146":{"start":{"line":286,"column":6},"end":{"line":286,"column":89}},"147":{"start":{"line":287,"column":6},"end":{"line":289,"column":15}},"148":{"start":{"line":288,"column":8},"end":{"line":288,"column":21}},"149":{"start":{"line":291,"column":6},"end":{"line":291,"column":74}},"150":{"start":{"line":294,"column":4},"end":{"line":294,"column":47}},"151":{"start":{"line":295,"column":4},"end":{"line":295,"column":88}},"152":{"start":{"line":300,"column":2},"end":{"line":300,"column":39}},"153":{"start":{"line":300,"column":32},"end":{"line":300,"column":39}},"154":{"start":{"line":302,"column":2},"end":{"line":304,"column":3}},"155":{"start":{"line":303,"column":4},"end":{"line":303,"column":11}},"156":{"start":{"line":306,"column":2},"end":{"line":323,"column":3}},"157":{"start":{"line":307,"column":23},"end":{"line":307,"column":24}},"158":{"start":{"line":308,"column":4},"end":{"line":313,"column":5}},"159":{"start":{"line":309,"column":18},"end":{"line":309,"column":53}},"160":{"start":{"line":310,"column":6},"end":{"line":312,"column":7}},"161":{"start":{"line":311,"column":8},"end":{"line":311,"column":23}},"162":{"start":{"line":315,"column":4},"end":{"line":315,"column":26}},"163":{"start":{"line":316,"column":4},"end":{"line":316,"column":65}},"164":{"start":{"line":318,"column":4},"end":{"line":318,"column":87}},"165":{"start":{"line":319,"column":4},"end":{"line":319,"column":22}},"166":{"start":{"line":321,"column":4},"end":{"line":321,"column":50}},"167":{"start":{"line":322,"column":4},"end":{"line":322,"column":84}},"168":{"start":{"line":327,"column":2},"end":{"line":327,"column":64}},"169":{"start":{"line":328,"column":2},"end":{"line":328,"column":24}},"170":{"start":{"line":329,"column":2},"end":{"line":329,"column":63}},"171":{"start":{"line":330,"column":2},"end":{"line":330,"column":27}},"172":{"start":{"line":331,"column":2},"end":{"line":331,"column":14}},"173":{"start":{"line":335,"column":16},"end":{"line":335,"column":50}},"174":{"start":{"line":336,"column":2},"end":{"line":342,"column":5}},"175":{"start":{"line":337,"column":4},"end":{"line":341,"column":5}},"176":{"start":{"line":338,"column":6},"end":{"line":338,"column":38}},"177":{"start":{"line":340,"column":6},"end":{"line":340,"column":35}},"178":{"start":{"line":346,"column":14},"end":{"line":346,"column":43}},"179":{"start":{"line":347,"column":2},"end":{"line":347,"column":22}},"180":{"start":{"line":348,"column":2},"end":{"line":348,"column":23}},"181":{"start":{"line":352,"column":21},"end":{"line":352,"column":55}},"182":{"start":{"line":353,"column":2},"end":{"line":356,"column":3}},"183":{"start":{"line":354,"column":4},"end":{"line":354,"column":37}},"184":{"start":{"line":355,"column":4},"end":{"line":355,"column":45}},"185":{"start":{"line":360,"column":2},"end":{"line":360,"column":38}}},"fnMap":{"0":{"name":"initializeDarkMode","decl":{"start":{"line":4,"column":9},"end":{"line":4,"column":27}},"loc":{"start":{"line":4,"column":30},"end":{"line":29,"column":1}},"line":4},"1":{"name":"(anonymous_1)","decl":{"start":{"line":23,"column":43},"end":{"line":23,"column":44}},"loc":{"start":{"line":23,"column":49},"end":{"line":28,"column":3}},"line":23},"2":{"name":"(anonymous_2)","decl":{"start":{"line":37,"column":46},"end":{"line":37,"column":47}},"loc":{"start":{"line":37,"column":58},"end":{"line":82,"column":1}},"line":37},"3":{"name":"(anonymous_3)","decl":{"start":{"line":70,"column":24},"end":{"line":70,"column":25}},"loc":{"start":{"line":70,"column":34},"end":{"line":81,"column":3}},"line":70},"4":{"name":"(anonymous_4)","decl":{"start":{"line":71,"column":35},"end":{"line":71,"column":36}},"loc":{"start":{"line":71,"column":47},"end":{"line":80,"column":5}},"line":71},"5":{"name":"loadCurrentUser","decl":{"start":{"line":84,"column":15},"end":{"line":84,"column":30}},"loc":{"start":{"line":84,"column":33},"end":{"line":95,"column":1}},"line":84},"6":{"name":"loadRoles","decl":{"start":{"line":97,"column":15},"end":{"line":97,"column":24}},"loc":{"start":{"line":97,"column":27},"end":{"line":107,"column":1}},"line":97},"7":{"name":"populateRoleSelect","decl":{"start":{"line":109,"column":9},"end":{"line":109,"column":27}},"loc":{"start":{"line":109,"column":30},"end":{"line":118,"column":1}},"line":109},"8":{"name":"(anonymous_8)","decl":{"start":{"line":112,"column":21},"end":{"line":112,"column":22}},"loc":{"start":{"line":112,"column":29},"end":{"line":117,"column":3}},"line":112},"9":{"name":"loadUsers","decl":{"start":{"line":120,"column":15},"end":{"line":120,"column":24}},"loc":{"start":{"line":120,"column":27},"end":{"line":138,"column":1}},"line":120},"10":{"name":"renderUsersList","decl":{"start":{"line":140,"column":9},"end":{"line":140,"column":24}},"loc":{"start":{"line":140,"column":27},"end":{"line":179,"column":1}},"line":140},"11":{"name":"(anonymous_11)","decl":{"start":{"line":151,"column":21},"end":{"line":151,"column":22}},"loc":{"start":{"line":151,"column":29},"end":{"line":178,"column":3}},"line":151},"12":{"name":"(anonymous_12)","decl":{"start":{"line":175,"column":38},"end":{"line":175,"column":39}},"loc":{"start":{"line":175,"column":44},"end":{"line":175,"column":70}},"line":175},"13":{"name":"toggleUserSelection","decl":{"start":{"line":181,"column":9},"end":{"line":181,"column":28}},"loc":{"start":{"line":181,"column":32},"end":{"line":191,"column":1}},"line":181},"14":{"name":"selectAllUsers","decl":{"start":{"line":193,"column":9},"end":{"line":193,"column":23}},"loc":{"start":{"line":193,"column":27},"end":{"line":210,"column":1}},"line":193},"15":{"name":"(anonymous_15)","decl":{"start":{"line":198,"column":23},"end":{"line":198,"column":24}},"loc":{"start":{"line":198,"column":29},"end":{"line":201,"column":5}},"line":198},"16":{"name":"(anonymous_16)","decl":{"start":{"line":204,"column":23},"end":{"line":204,"column":24}},"loc":{"start":{"line":204,"column":29},"end":{"line":206,"column":5}},"line":204},"17":{"name":"updateDeleteButton","decl":{"start":{"line":212,"column":9},"end":{"line":212,"column":27}},"loc":{"start":{"line":212,"column":30},"end":{"line":215,"column":1}},"line":212},"18":{"name":"updateUserCount","decl":{"start":{"line":217,"column":9},"end":{"line":217,"column":24}},"loc":{"start":{"line":217,"column":27},"end":{"line":222,"column":1}},"line":217},"19":{"name":"showUserForm","decl":{"start":{"line":224,"column":9},"end":{"line":224,"column":21}},"loc":{"start":{"line":224,"column":24},"end":{"line":234,"column":1}},"line":224},"20":{"name":"editUser","decl":{"start":{"line":236,"column":15},"end":{"line":236,"column":23}},"loc":{"start":{"line":236,"column":32},"end":{"line":256,"column":1}},"line":236},"21":{"name":"saveUser","decl":{"start":{"line":258,"column":15},"end":{"line":258,"column":23}},"loc":{"start":{"line":258,"column":27},"end":{"line":297,"column":1}},"line":258},"22":{"name":"(anonymous_22)","decl":{"start":{"line":287,"column":17},"end":{"line":287,"column":18}},"loc":{"start":{"line":287,"column":23},"end":{"line":289,"column":7}},"line":287},"23":{"name":"deleteSelectedUsers","decl":{"start":{"line":299,"column":15},"end":{"line":299,"column":34}},"loc":{"start":{"line":299,"column":37},"end":{"line":324,"column":1}},"line":299},"24":{"name":"backToList","decl":{"start":{"line":326,"column":9},"end":{"line":326,"column":19}},"loc":{"start":{"line":326,"column":22},"end":{"line":332,"column":1}},"line":326},"25":{"name":"switchView","decl":{"start":{"line":334,"column":9},"end":{"line":334,"column":19}},"loc":{"start":{"line":334,"column":28},"end":{"line":343,"column":1}},"line":334},"26":{"name":"(anonymous_26)","decl":{"start":{"line":336,"column":16},"end":{"line":336,"column":17}},"loc":{"start":{"line":336,"column":24},"end":{"line":342,"column":3}},"line":336},"27":{"name":"escapeHtml","decl":{"start":{"line":345,"column":9},"end":{"line":345,"column":19}},"loc":{"start":{"line":345,"column":23},"end":{"line":349,"column":1}},"line":345},"28":{"name":"showMessage","decl":{"start":{"line":351,"column":9},"end":{"line":351,"column":20}},"loc":{"start":{"line":351,"column":59},"end":{"line":357,"column":1}},"line":351},"29":{"name":"logout","decl":{"start":{"line":359,"column":9},"end":{"line":359,"column":15}},"loc":{"start":{"line":359,"column":18},"end":{"line":361,"column":1}},"line":359}},"branchMap":{"0":{"loc":{"start":{"line":7,"column":2},"end":{"line":7,"column":30}},"type":"if","locations":[{"start":{"line":7,"column":2},"end":{"line":7,"column":30}},{"start":{},"end":{}}],"line":7},"1":{"loc":{"start":{"line":10,"column":21},"end":{"line":10,"column":61}},"type":"binary-expr","locations":[{"start":{"line":10,"column":21},"end":{"line":10,"column":50}},{"start":{"line":10,"column":54},"end":{"line":10,"column":61}}],"line":10},"2":{"loc":{"start":{"line":14,"column":2},"end":{"line":20,"column":3}},"type":"if","locations":[{"start":{"line":14,"column":2},"end":{"line":20,"column":3}},{"start":{"line":17,"column":9},"end":{"line":20,"column":3}}],"line":14},"3":{"loc":{"start":{"line":25,"column":21},"end":{"line":25,"column":50}},"type":"cond-expr","locations":[{"start":{"line":25,"column":34},"end":{"line":25,"column":40}},{"start":{"line":25,"column":43},"end":{"line":25,"column":50}}],"line":25},"4":{"loc":{"start":{"line":27,"column":33},"end":{"line":27,"column":57}},"type":"cond-expr","locations":[{"start":{"line":27,"column":46},"end":{"line":27,"column":50}},{"start":{"line":27,"column":53},"end":{"line":27,"column":57}}],"line":27},"5":{"loc":{"start":{"line":45,"column":2},"end":{"line":48,"column":3}},"type":"if","locations":[{"start":{"line":45,"column":2},"end":{"line":48,"column":3}},{"start":{},"end":{}}],"line":45},"6":{"loc":{"start":{"line":74,"column":6},"end":{"line":79,"column":7}},"type":"if","locations":[{"start":{"line":74,"column":6},"end":{"line":79,"column":7}},{"start":{"line":77,"column":13},"end":{"line":79,"column":7}}],"line":74},"7":{"loc":{"start":{"line":77,"column":13},"end":{"line":79,"column":7}},"type":"if","locations":[{"start":{"line":77,"column":13},"end":{"line":79,"column":7}},{"start":{},"end":{}}],"line":77},"8":{"loc":{"start":{"line":77,"column":17},"end":{"line":77,"column":89}},"type":"binary-expr","locations":[{"start":{"line":77,"column":17},"end":{"line":77,"column":34}},{"start":{"line":77,"column":38},"end":{"line":77,"column":59}},{"start":{"line":77,"column":63},"end":{"line":77,"column":89}}],"line":77},"9":{"loc":{"start":{"line":87,"column":4},"end":{"line":91,"column":5}},"type":"if","locations":[{"start":{"line":87,"column":4},"end":{"line":91,"column":5}},{"start":{},"end":{}}],"line":87},"10":{"loc":{"start":{"line":87,"column":8},"end":{"line":87,"column":38}},"type":"binary-expr","locations":[{"start":{"line":87,"column":8},"end":{"line":87,"column":11}},{"start":{"line":87,"column":15},"end":{"line":87,"column":26}},{"start":{"line":87,"column":30},"end":{"line":87,"column":38}}],"line":87},"11":{"loc":{"start":{"line":100,"column":4},"end":{"line":103,"column":5}},"type":"if","locations":[{"start":{"line":100,"column":4},"end":{"line":103,"column":5}},{"start":{},"end":{}}],"line":100},"12":{"loc":{"start":{"line":100,"column":8},"end":{"line":100,"column":26}},"type":"binary-expr","locations":[{"start":{"line":100,"column":8},"end":{"line":100,"column":11}},{"start":{"line":100,"column":15},"end":{"line":100,"column":26}}],"line":100},"13":{"loc":{"start":{"line":125,"column":4},"end":{"line":128,"column":5}},"type":"if","locations":[{"start":{"line":125,"column":4},"end":{"line":128,"column":5}},{"start":{},"end":{}}],"line":125},"14":{"loc":{"start":{"line":125,"column":8},"end":{"line":125,"column":28}},"type":"binary-expr","locations":[{"start":{"line":125,"column":8},"end":{"line":125,"column":12}},{"start":{"line":125,"column":16},"end":{"line":125,"column":28}}],"line":125},"15":{"loc":{"start":{"line":130,"column":17},"end":{"line":130,"column":31}},"type":"binary-expr","locations":[{"start":{"line":130,"column":17},"end":{"line":130,"column":25}},{"start":{"line":130,"column":29},"end":{"line":130,"column":31}}],"line":130},"16":{"loc":{"start":{"line":144,"column":2},"end":{"line":149,"column":3}},"type":"if","locations":[{"start":{"line":144,"column":2},"end":{"line":149,"column":3}},{"start":{},"end":{}}],"line":144},"17":{"loc":{"start":{"line":153,"column":20},"end":{"line":153,"column":73}},"type":"cond-expr","locations":[{"start":{"line":153,"column":58},"end":{"line":153,"column":68}},{"start":{"line":153,"column":71},"end":{"line":153,"column":73}}],"line":153},"18":{"loc":{"start":{"line":155,"column":23},"end":{"line":155,"column":59}},"type":"cond-expr","locations":[{"start":{"line":155,"column":36},"end":{"line":155,"column":45}},{"start":{"line":155,"column":48},"end":{"line":155,"column":59}}],"line":155},"19":{"loc":{"start":{"line":160,"column":17},"end":{"line":160,"column":69}},"type":"cond-expr","locations":[{"start":{"line":160,"column":55},"end":{"line":160,"column":64}},{"start":{"line":160,"column":67},"end":{"line":160,"column":69}}],"line":160},"20":{"loc":{"start":{"line":184,"column":2},"end":{"line":188,"column":3}},"type":"if","locations":[{"start":{"line":184,"column":2},"end":{"line":188,"column":3}},{"start":{"line":186,"column":9},"end":{"line":188,"column":3}}],"line":184},"21":{"loc":{"start":{"line":196,"column":2},"end":{"line":207,"column":3}},"type":"if","locations":[{"start":{"line":196,"column":2},"end":{"line":207,"column":3}},{"start":{"line":202,"column":9},"end":{"line":207,"column":3}}],"line":196},"22":{"loc":{"start":{"line":219,"column":2},"end":{"line":221,"column":3}},"type":"if","locations":[{"start":{"line":219,"column":2},"end":{"line":221,"column":3}},{"start":{},"end":{}}],"line":219},"23":{"loc":{"start":{"line":239,"column":4},"end":{"line":251,"column":5}},"type":"if","locations":[{"start":{"line":239,"column":4},"end":{"line":251,"column":5}},{"start":{},"end":{}}],"line":239},"24":{"loc":{"start":{"line":239,"column":8},"end":{"line":239,"column":38}},"type":"binary-expr","locations":[{"start":{"line":239,"column":8},"end":{"line":239,"column":11}},{"start":{"line":239,"column":15},"end":{"line":239,"column":26}},{"start":{"line":239,"column":30},"end":{"line":239,"column":38}}],"line":239},"25":{"loc":{"start":{"line":277,"column":4},"end":{"line":283,"column":5}},"type":"if","locations":[{"start":{"line":277,"column":4},"end":{"line":283,"column":5}},{"start":{"line":280,"column":11},"end":{"line":283,"column":5}}],"line":277},"26":{"loc":{"start":{"line":285,"column":4},"end":{"line":292,"column":5}},"type":"if","locations":[{"start":{"line":285,"column":4},"end":{"line":292,"column":5}},{"start":{"line":290,"column":11},"end":{"line":292,"column":5}}],"line":285},"27":{"loc":{"start":{"line":300,"column":2},"end":{"line":300,"column":39}},"type":"if","locations":[{"start":{"line":300,"column":2},"end":{"line":300,"column":39}},{"start":{},"end":{}}],"line":300},"28":{"loc":{"start":{"line":302,"column":2},"end":{"line":304,"column":3}},"type":"if","locations":[{"start":{"line":302,"column":2},"end":{"line":304,"column":3}},{"start":{},"end":{}}],"line":302},"29":{"loc":{"start":{"line":310,"column":6},"end":{"line":312,"column":7}},"type":"if","locations":[{"start":{"line":310,"column":6},"end":{"line":312,"column":7}},{"start":{},"end":{}}],"line":310},"30":{"loc":{"start":{"line":337,"column":4},"end":{"line":341,"column":5}},"type":"if","locations":[{"start":{"line":337,"column":4},"end":{"line":341,"column":5}},{"start":{"line":339,"column":11},"end":{"line":341,"column":5}}],"line":337},"31":{"loc":{"start":{"line":351,"column":36},"end":{"line":351,"column":57}},"type":"default-arg","locations":[{"start":{"line":351,"column":48},"end":{"line":351,"column":57}}],"line":351},"32":{"loc":{"start":{"line":353,"column":2},"end":{"line":356,"column":3}},"type":"if","locations":[{"start":{"line":353,"column":2},"end":{"line":356,"column":3}},{"start":{},"end":{}}],"line":353}},"s":{"0":0,"1":0,"2":0,"3":0,"4":0,"5":0,"6":0,"7":0,"8":0,"9":0,"10":0,"11":0,"12":0,"13":0,"14":0,"15":0,"16":0,"17":0,"18":0,"19":0,"20":0,"21":0,"22":0,"23":0,"24":0,"25":0,"26":0,"27":0,"28":0,"29":0,"30":0,"31":0,"32":0,"33":0,"34":0,"35":0,"36":0,"37":0,"38":0,"39":0,"40":0,"41":0,"42":0,"43":0,"44":0,"45":0,"46":0,"47":0,"48":0,"49":0,"50":0,"51":0,"52":0,"53":0,"54":0,"55":0,"56":0,"57":0,"58":0,"59":0,"60":0,"61":0,"62":0,"63":0,"64":0,"65":0,"66":0,"67":0,"68":0,"69":0,"70":0,"71":0,"72":0,"73":0,"74":0,"75":0,"76":0,"77":0,"78":0,"79":0,"80":0,"81":0,"82":0,"83":0,"84":0,"85":0,"86":0,"87":0,"88":0,"89":0,"90":0,"91":0,"92":0,"93":0,"94":0,"95":0,"96":0,"97":0,"98":0,"99":0,"100":0,"101":0,"102":0,"103":0,"104":0,"105":0,"106":0,"107":0,"108":0,"109":0,"110":0,"111":0,"112":0,"113":0,"114":0,"115":0,"116":0,"117":0,"118":0,"119":0,"120":0,"121":0,"122":0,"123":0,"124":0,"125":0,"126":0,"127":0,"128":0,"129":0,"130":0,"131":0,"132":0,"133":0,"134":0,"135":0,"136":0,"137":0,"138":0,"139":0,"140":0,"141":0,"142":0,"143":0,"144":0,"145":0,"146":0,"147":0,"148":0,"149":0,"150":0,"151":0,"152":0,"153":0,"154":0,"155":0,"156":0,"157":0,"158":0,"159":0,"160":0,"161":0,"162":0,"163":0,"164":0,"165":0,"166":0,"167":0,"168":0,"169":0,"170":0,"171":0,"172":0,"173":0,"174":0,"175":0,"176":0,"177":0,"178":0,"179":0,"180":0,"181":0,"182":0,"183":0,"184":0,"185":0},"f":{"0":0,"1":0,"2":0,"3":0,"4":0,"5":0,"6":0,"7":0,"8":0,"9":0,"10":0,"11":0,"12":0,"13":0,"14":0,"15":0,"16":0,"17":0,"18":0,"19":0,"20":0,"21":0,"22":0,"23":0,"24":0,"25":0,"26":0,"27":0,"28":0,"29":0},"b":{"0":[0,0],"1":[0,0],"2":[0,0],"3":[0,0],"4":[0,0],"5":[0,0],"6":[0,0],"7":[0,0],"8":[0,0,0],"9":[0,0],"10":[0,0,0],"11":[0,0],"12":[0,0],"13":[0,0],"14":[0,0],"15":[0,0],"16":[0,0],"17":[0,0],"18":[0,0],"19":[0,0],"20":[0,0],"21":[0,0],"22":[0,0],"23":[0,0],"24":[0,0,0],"25":[0,0],"26":[0,0],"27":[0,0],"28":[0,0],"29":[0,0],"30":[0,0],"31":[0],"32":[0,0]}}
}
