TN:
SF:src\btn.js
FN:1,(anonymous_0)
FN:3,(anonymous_1)
FNF:2
FNH:0
FNDA:0,(anonymous_0)
FNDA:0,(anonymous_1)
DA:1,0
DA:2,0
DA:3,0
DA:5,0
DA:6,0
DA:7,0
DA:8,0
DA:10,0
DA:14,0
DA:15,0
DA:17,0
LF:11
LH:0
BRDA:7,0,0,0
BRDA:7,0,1,0
BRF:2
BRH:0
end_of_record
TN:
SF:src\db.js
FN:9,connectWithoutDatabase
FN:18,initPool
FN:44,getTickets
FN:56,getAssignedTickets
FN:71,getTicketsByCreator
FN:86,getHomeTickets
FN:111,createTicket
FN:125,getUser
FN:136,getUserByEmail
FN:150,getTicket
FN:161,updateTicket
FN:175,deleteTicket
FN:189,getUsers
FN:200,createUser
FN:214,updateUser
FN:228,deleteUser
FN:239,getRoles
FN:251,autoSetup
FN:292,runSqlFile
FN:308,tableHasData
FN:321,tableExists
FN:342,createComment
FN:357,getCommentsByTicket
FN:378,closePool
FNF:24
FNH:4
FNDA:0,connectWithoutDatabase
FNDA:1,initPool
FNDA:1,getTickets
FNDA:0,getAssignedTickets
FNDA:0,getTicketsByCreator
FNDA:0,getHomeTickets
FNDA:1,createTicket
FNDA:0,getUser
FNDA:0,getUserByEmail
FNDA:0,getTicket
FNDA:0,updateTicket
FNDA:0,deleteTicket
FNDA:0,getUsers
FNDA:0,createUser
FNDA:0,updateUser
FNDA:0,deleteUser
FNDA:0,getRoles
FNDA:0,autoSetup
FNDA:0,runSqlFile
FNDA:0,tableHasData
FNDA:0,tableExists
FNDA:0,createComment
FNDA:0,getCommentsByTicket
FNDA:1,closePool
DA:1,1
DA:2,1
DA:3,1
DA:4,1
DA:6,1
DA:10,0
DA:19,1
DA:46,1
DA:47,1
DA:48,1
DA:49,1
DA:51,1
DA:58,0
DA:59,0
DA:60,0
DA:64,0
DA:66,0
DA:73,0
DA:74,0
DA:75,0
DA:79,0
DA:81,0
DA:88,0
DA:89,0
DA:95,0
DA:96,0
DA:97,0
DA:99,0
DA:100,0
DA:103,0
DA:104,0
DA:106,0
DA:113,1
DA:114,1
DA:115,1
DA:119,1
DA:121,1
DA:127,0
DA:128,0
DA:129,0
DA:130,0
DA:132,0
DA:138,0
DA:139,0
DA:140,0
DA:141,0
DA:142,0
DA:144,0
DA:146,0
DA:152,0
DA:153,0
DA:154,0
DA:155,0
DA:157,0
DA:163,0
DA:164,0
DA:165,0
DA:169,0
DA:171,0
DA:177,0
DA:178,0
DA:179,0
DA:183,0
DA:185,0
DA:191,0
DA:192,0
DA:193,0
DA:194,0
DA:196,0
DA:202,0
DA:203,0
DA:204,0
DA:208,0
DA:210,0
DA:216,0
DA:217,0
DA:218,0
DA:222,0
DA:224,0
DA:230,0
DA:231,0
DA:232,0
DA:233,0
DA:235,0
DA:241,0
DA:242,0
DA:243,0
DA:244,0
DA:246,0
DA:252,0
DA:253,0
DA:256,0
DA:257,0
DA:258,0
DA:260,0
DA:263,0
DA:266,0
DA:267,0
DA:268,0
DA:269,0
DA:271,0
DA:276,0
DA:278,0
DA:279,0
DA:280,0
DA:282,0
DA:285,0
DA:287,0
DA:293,0
DA:294,0
DA:295,0
DA:296,0
DA:297,0
DA:298,0
DA:299,0
DA:301,0
DA:303,0
DA:309,0
DA:310,0
DA:311,0
DA:312,0
DA:314,0
DA:316,0
DA:322,0
DA:324,0
DA:329,0
DA:330,0
DA:344,0
DA:345,0
DA:346,0
DA:350,0
DA:352,0
DA:359,0
DA:360,0
DA:361,0
DA:371,0
DA:373,0
DA:379,1
DA:380,1
DA:384,1
LF:140
LH:19
BRDA:51,0,0,1
BRDA:51,0,1,0
BRDA:66,1,0,0
BRDA:66,1,1,0
BRDA:81,2,0,0
BRDA:81,2,1,0
BRDA:95,3,0,0
BRDA:95,3,1,0
BRDA:95,4,0,0
BRDA:95,4,1,0
BRDA:106,5,0,0
BRDA:106,5,1,0
BRDA:111,6,0,1
BRDA:121,7,0,1
BRDA:121,7,1,0
BRDA:132,8,0,0
BRDA:132,8,1,0
BRDA:141,9,0,0
BRDA:141,9,1,0
BRDA:146,10,0,0
BRDA:146,10,1,0
BRDA:155,11,0,0
BRDA:155,11,1,0
BRDA:157,12,0,0
BRDA:157,12,1,0
BRDA:171,13,0,0
BRDA:171,13,1,0
BRDA:185,14,0,0
BRDA:185,14,1,0
BRDA:196,15,0,0
BRDA:196,15,1,0
BRDA:210,16,0,0
BRDA:210,16,1,0
BRDA:224,17,0,0
BRDA:224,17,1,0
BRDA:235,18,0,0
BRDA:235,18,1,0
BRDA:246,19,0,0
BRDA:246,19,1,0
BRDA:267,20,0,0
BRDA:267,20,1,0
BRDA:278,21,0,0
BRDA:278,21,1,0
BRDA:352,22,0,0
BRDA:352,22,1,0
BRDA:373,23,0,0
BRDA:373,23,1,0
BRDA:379,24,0,1
BRDA:379,24,1,0
BRF:49
BRH:4
end_of_record
TN:
SF:src\jest.config.js
FNF:0
FNH:0
DA:1,0
LF:1
LH:0
BRF:0
BRH:0
end_of_record
TN:
SF:src\playwright.config.js
FNF:0
FNH:0
LF:0
LH:0
BRDA:15,0,0,0
BRDA:15,0,1,0
BRDA:17,1,0,0
BRDA:17,1,1,0
BRF:4
BRH:0
end_of_record
TN:
SF:src\renderer.js
FN:4,initializeDarkMode
FN:23,(anonymous_1)
FN:31,(anonymous_2)
FN:79,loadCurrentUser
FN:91,(anonymous_4)
FN:98,setupRoleBasedMenu
FN:101,(anonymous_6)
FN:129,loadAllUsers
FN:149,populateAssigneeDropdown
FN:151,(anonymous_9)
FN:158,(anonymous_10)
FN:166,loadTickets
FN:197,(anonymous_12)
FN:208,loadAllTickets
FN:239,(anonymous_14)
FN:250,updateHomeSubtitle
FN:269,applyFilter
FN:274,(anonymous_17)
FN:276,(anonymous_18)
FN:284,(anonymous_19)
FN:294,updateTicketCount
FN:299,updateStatistics
FN:302,(anonymous_22)
FN:303,(anonymous_23)
FN:304,(anonymous_24)
FN:305,(anonymous_25)
FN:321,renderPage
FN:334,formatDate
FN:379,updatePagination
FN:387,escapeHtml
FN:395,(anonymous_30)
FN:401,(anonymous_31)
FN:406,(anonymous_32)
FN:407,(anonymous_33)
FN:421,(anonymous_34)
FN:422,(anonymous_35)
FN:429,(anonymous_36)
FN:430,(anonymous_37)
FN:435,(anonymous_38)
FN:486,(anonymous_39)
FN:495,(anonymous_40)
FN:496,(anonymous_41)
FN:509,(anonymous_42)
FN:513,(anonymous_43)
FN:533,(anonymous_44)
FNF:45
FNH:0
FNDA:0,initializeDarkMode
FNDA:0,(anonymous_1)
FNDA:0,(anonymous_2)
FNDA:0,loadCurrentUser
FNDA:0,(anonymous_4)
FNDA:0,setupRoleBasedMenu
FNDA:0,(anonymous_6)
FNDA:0,loadAllUsers
FNDA:0,populateAssigneeDropdown
FNDA:0,(anonymous_9)
FNDA:0,(anonymous_10)
FNDA:0,loadTickets
FNDA:0,(anonymous_12)
FNDA:0,loadAllTickets
FNDA:0,(anonymous_14)
FNDA:0,updateHomeSubtitle
FNDA:0,applyFilter
FNDA:0,(anonymous_17)
FNDA:0,(anonymous_18)
FNDA:0,(anonymous_19)
FNDA:0,updateTicketCount
FNDA:0,updateStatistics
FNDA:0,(anonymous_22)
FNDA:0,(anonymous_23)
FNDA:0,(anonymous_24)
FNDA:0,(anonymous_25)
FNDA:0,renderPage
FNDA:0,formatDate
FNDA:0,updatePagination
FNDA:0,escapeHtml
FNDA:0,(anonymous_30)
FNDA:0,(anonymous_31)
FNDA:0,(anonymous_32)
FNDA:0,(anonymous_33)
FNDA:0,(anonymous_34)
FNDA:0,(anonymous_35)
FNDA:0,(anonymous_36)
FNDA:0,(anonymous_37)
FNDA:0,(anonymous_38)
FNDA:0,(anonymous_39)
FNDA:0,(anonymous_40)
FNDA:0,(anonymous_41)
FNDA:0,(anonymous_42)
FNDA:0,(anonymous_43)
FNDA:0,(anonymous_44)
DA:5,0
DA:7,0
DA:10,0
DA:11,0
DA:14,0
DA:15,0
DA:16,0
DA:18,0
DA:19,0
DA:23,0
DA:24,0
DA:25,0
DA:26,0
DA:27,0
DA:31,0
DA:33,0
DA:35,0
DA:36,0
DA:39,0
DA:40,0
DA:42,0
DA:43,0
DA:44,0
DA:47,0
DA:48,0
DA:49,0
DA:50,0
DA:51,0
DA:52,0
DA:53,0
DA:54,0
DA:55,0
DA:56,0
DA:57,0
DA:58,0
DA:59,0
DA:61,0
DA:62,0
DA:63,0
DA:64,0
DA:65,0
DA:66,0
DA:67,0
DA:68,0
DA:69,0
DA:72,0
DA:73,0
DA:74,0
DA:77,0
DA:80,0
DA:81,0
DA:82,0
DA:83,0
DA:84,0
DA:85,0
DA:88,0
DA:91,0
DA:94,0
DA:99,0
DA:101,0
DA:102,0
DA:105,0
DA:106,0
DA:107,0
DA:109,0
DA:114,0
DA:115,0
DA:116,0
DA:118,0
DA:123,0
DA:124,0
DA:130,0
DA:131,0
DA:132,0
DA:133,0
DA:136,0
DA:137,0
DA:138,0
DA:141,0
DA:145,0
DA:151,0
DA:154,0
DA:155,0
DA:158,0
DA:159,0
DA:160,0
DA:161,0
DA:162,0
DA:167,0
DA:168,0
DA:171,0
DA:173,0
DA:174,0
DA:178,0
DA:180,0
DA:181,0
DA:182,0
DA:184,0
DA:186,0
DA:187,0
DA:188,0
DA:189,0
DA:190,0
DA:194,0
DA:195,0
DA:197,0
DA:200,0
DA:201,0
DA:202,0
DA:204,0
DA:209,0
DA:210,0
DA:213,0
DA:215,0
DA:216,0
DA:220,0
DA:222,0
DA:223,0
DA:224,0
DA:226,0
DA:228,0
DA:229,0
DA:230,0
DA:231,0
DA:232,0
DA:236,0
DA:237,0
DA:239,0
DA:242,0
DA:243,0
DA:244,0
DA:246,0
DA:251,0
DA:252,0
DA:254,0
DA:255,0
DA:256,0
DA:257,0
DA:258,0
DA:259,0
DA:260,0
DA:261,0
DA:262,0
DA:264,0
DA:265,0
DA:270,0
DA:271,0
DA:272,0
DA:273,0
DA:274,0
DA:276,0
DA:278,0
DA:279,0
DA:280,0
DA:283,0
DA:284,0
DA:285,0
DA:286,0
DA:287,0
DA:289,0
DA:296,0
DA:301,0
DA:302,0
DA:303,0
DA:304,0
DA:305,0
DA:308,0
DA:309,0
DA:310,0
DA:311,0
DA:312,0
DA:314,0
DA:315,0
DA:316,0
DA:317,0
DA:318,0
DA:322,0
DA:323,0
DA:324,0
DA:325,0
DA:326,0
DA:327,0
DA:329,0
DA:330,0
DA:331,0
DA:333,0
DA:335,0
DA:336,0
DA:337,0
DA:338,0
DA:339,0
DA:340,0
DA:341,0
DA:342,0
DA:345,0
DA:346,0
DA:347,0
DA:350,0
DA:351,0
DA:352,0
DA:353,0
DA:354,0
DA:355,0
DA:356,0
DA:358,0
DA:359,0
DA:360,0
DA:361,0
DA:365,0
DA:368,0
DA:369,0
DA:370,0
DA:372,0
DA:373,0
DA:376,0
DA:380,0
DA:381,0
DA:382,0
DA:383,0
DA:384,0
DA:388,0
DA:389,0
DA:393,0
DA:394,0
DA:395,0
DA:396,0
DA:397,0
DA:398,0
DA:399,0
DA:401,0
DA:404,0
DA:406,0
DA:407,0
DA:408,0
DA:413,0
DA:414,0
DA:415,0
DA:420,0
DA:421,0
DA:422,0
DA:423,0
DA:424,0
DA:428,0
DA:429,0
DA:430,0
DA:433,0
DA:434,0
DA:435,0
DA:436,0
DA:437,0
DA:438,0
DA:439,0
DA:441,0
DA:445,0
DA:446,0
DA:447,0
DA:448,0
DA:450,0
DA:451,0
DA:452,0
DA:453,0
DA:455,0
DA:456,0
DA:457,0
DA:458,0
DA:461,0
DA:462,0
DA:463,0
DA:471,0
DA:472,0
DA:473,0
DA:474,0
DA:475,0
DA:476,0
DA:477,0
DA:479,0
DA:480,0
DA:485,0
DA:486,0
DA:487,0
DA:492,0
DA:493,0
DA:495,0
DA:496,0
DA:497,0
DA:498,0
DA:500,0
DA:503,0
DA:504,0
DA:505,0
DA:509,0
DA:510,0
DA:513,0
DA:516,0
DA:517,0
DA:518,0
DA:519,0
DA:520,0
DA:521,0
DA:522,0
DA:523,0
DA:524,0
DA:525,0
DA:526,0
DA:527,0
DA:533,0
DA:534,0
DA:535,0
DA:536,0
DA:538,0
DA:539,0
LF:311
LH:0
BRDA:7,0,0,0
BRDA:7,0,1,0
BRDA:10,1,0,0
BRDA:10,1,1,0
BRDA:14,2,0,0
BRDA:14,2,1,0
BRDA:25,3,0,0
BRDA:25,3,1,0
BRDA:27,4,0,0
BRDA:27,4,1,0
BRDA:42,5,0,0
BRDA:42,5,1,0
BRDA:82,6,0,0
BRDA:82,6,1,0
BRDA:82,7,0,0
BRDA:82,7,1,0
BRDA:82,7,2,0
BRDA:105,8,0,0
BRDA:105,8,1,0
BRDA:106,9,0,0
BRDA:106,9,1,0
BRDA:114,10,0,0
BRDA:114,10,1,0
BRDA:115,11,0,0
BRDA:115,11,1,0
BRDA:123,12,0,0
BRDA:123,12,1,0
BRDA:132,13,0,0
BRDA:132,13,1,0
BRDA:132,14,0,0
BRDA:132,14,1,0
BRDA:132,14,2,0
BRDA:136,15,0,0
BRDA:136,15,1,0
BRDA:136,16,0,0
BRDA:136,16,1,0
BRDA:151,17,0,0
BRDA:151,17,1,0
BRDA:167,18,0,0
BRDA:167,18,1,0
BRDA:180,19,0,0
BRDA:180,19,1,0
BRDA:184,20,0,0
BRDA:184,20,1,0
BRDA:186,21,0,0
BRDA:186,21,1,0
BRDA:194,22,0,0
BRDA:194,22,1,0
BRDA:209,23,0,0
BRDA:209,23,1,0
BRDA:222,24,0,0
BRDA:222,24,1,0
BRDA:226,25,0,0
BRDA:226,25,1,0
BRDA:228,26,0,0
BRDA:228,26,1,0
BRDA:236,27,0,0
BRDA:236,27,1,0
BRDA:254,28,0,0
BRDA:254,28,1,0
BRDA:256,29,0,0
BRDA:256,29,1,0
BRDA:257,30,0,0
BRDA:257,30,1,0
BRDA:257,31,0,0
BRDA:257,31,1,0
BRDA:259,32,0,0
BRDA:259,32,1,0
BRDA:260,33,0,0
BRDA:260,33,1,0
BRDA:262,34,0,0
BRDA:262,34,1,0
BRDA:265,35,0,0
BRDA:265,35,1,0
BRDA:271,36,0,0
BRDA:271,36,1,0
BRDA:273,37,0,0
BRDA:273,37,1,0
BRDA:274,38,0,0
BRDA:274,38,1,0
BRDA:286,39,0,0
BRDA:286,39,1,0
BRDA:305,40,0,0
BRDA:305,40,1,0
BRDA:314,41,0,0
BRDA:314,41,1,0
BRDA:315,42,0,0
BRDA:315,42,1,0
BRDA:316,43,0,0
BRDA:316,43,1,0
BRDA:317,44,0,0
BRDA:317,44,1,0
BRDA:318,45,0,0
BRDA:318,45,1,0
BRDA:325,46,0,0
BRDA:325,46,1,0
BRDA:326,47,0,0
BRDA:326,47,1,0
BRDA:335,48,0,0
BRDA:335,48,1,0
BRDA:337,49,0,0
BRDA:337,49,1,0
BRDA:353,50,0,0
BRDA:353,50,1,0
BRDA:354,51,0,0
BRDA:354,51,1,0
BRDA:356,52,0,0
BRDA:356,52,1,0
BRDA:359,53,0,0
BRDA:359,53,1,0
BRDA:359,54,0,0
BRDA:359,54,1,0
BRDA:361,55,0,0
BRDA:361,55,1,0
BRDA:369,56,0,0
BRDA:369,56,1,0
BRDA:388,57,0,0
BRDA:388,57,1,0
BRDA:394,58,0,0
BRDA:394,58,1,0
BRDA:397,59,0,0
BRDA:397,59,1,0
BRDA:398,60,0,0
BRDA:398,60,1,0
BRDA:404,61,0,0
BRDA:404,61,1,0
BRDA:408,62,0,0
BRDA:408,62,1,0
BRDA:408,62,2,0
BRDA:434,63,0,0
BRDA:434,63,1,0
BRDA:441,64,0,0
BRDA:441,64,1,0
BRDA:441,65,0,0
BRDA:441,65,1,0
BRDA:442,66,0,0
BRDA:442,66,1,0
BRDA:445,67,0,0
BRDA:445,67,1,0
BRDA:450,68,0,0
BRDA:450,68,1,0
BRDA:455,69,0,0
BRDA:455,69,1,0
BRDA:471,70,0,0
BRDA:471,70,1,0
BRDA:485,71,0,0
BRDA:485,71,1,0
BRDA:497,72,0,0
BRDA:497,72,1,0
BRDA:498,73,0,0
BRDA:498,73,1,0
BRDA:503,74,0,0
BRDA:503,74,1,0
BRDA:516,75,0,0
BRDA:516,75,1,0
BRDA:521,76,0,0
BRDA:521,76,1,0
BRDA:526,77,0,0
BRDA:526,77,1,0
BRDA:539,78,0,0
BRDA:539,78,1,0
BRF:161
BRH:0
end_of_record
TN:
SF:src\ticketdetail.js
FN:4,initializeDarkMode
FN:23,(anonymous_1)
FN:31,(anonymous_2)
FN:74,(anonymous_3)
FN:82,(anonymous_4)
FN:89,(anonymous_5)
FN:97,(anonymous_6)
FN:104,loadCurrentUser
FN:130,loadAllUsers
FN:142,populateAssigneeDropdown
FN:144,(anonymous_10)
FN:151,(anonymous_11)
FN:159,disableFormForUser
FN:161,(anonymous_13)
FN:175,disableAssigneeForUsers
FN:182,loadTicket
FN:252,updateTicket
FN:270,(anonymous_17)
FN:282,updateStatusBadge
FN:296,showMessage
FN:304,(anonymous_20)
FN:310,loadComments
FN:333,(anonymous_22)
FN:342,createCommentElement
FN:372,escapeHtml
FN:378,submitComment
FN:405,(anonymous_26)
FN:420,deleteTicket
FN:469,(anonymous_28)
FNF:29
FNH:0
FNDA:0,initializeDarkMode
FNDA:0,(anonymous_1)
FNDA:0,(anonymous_2)
FNDA:0,(anonymous_3)
FNDA:0,(anonymous_4)
FNDA:0,(anonymous_5)
FNDA:0,(anonymous_6)
FNDA:0,loadCurrentUser
FNDA:0,loadAllUsers
FNDA:0,populateAssigneeDropdown
FNDA:0,(anonymous_10)
FNDA:0,(anonymous_11)
FNDA:0,disableFormForUser
FNDA:0,(anonymous_13)
FNDA:0,disableAssigneeForUsers
FNDA:0,loadTicket
FNDA:0,updateTicket
FNDA:0,(anonymous_17)
FNDA:0,updateStatusBadge
FNDA:0,showMessage
FNDA:0,(anonymous_20)
FNDA:0,loadComments
FNDA:0,(anonymous_22)
FNDA:0,createCommentElement
FNDA:0,escapeHtml
FNDA:0,submitComment
FNDA:0,(anonymous_26)
FNDA:0,deleteTicket
FNDA:0,(anonymous_28)
DA:5,0
DA:7,0
DA:10,0
DA:11,0
DA:14,0
DA:15,0
DA:16,0
DA:18,0
DA:19,0
DA:23,0
DA:24,0
DA:25,0
DA:26,0
DA:27,0
DA:31,0
DA:33,0
DA:35,0
DA:36,0
DA:37,0
DA:38,0
DA:39,0
DA:40,0
DA:43,0
DA:44,0
DA:45,0
DA:47,0
DA:48,0
DA:49,0
DA:51,0
DA:52,0
DA:53,0
DA:57,0
DA:58,0
DA:59,0
DA:62,0
DA:63,0
DA:67,0
DA:70,0
DA:73,0
DA:74,0
DA:75,0
DA:76,0
DA:81,0
DA:82,0
DA:83,0
DA:88,0
DA:89,0
DA:90,0
DA:95,0
DA:96,0
DA:97,0
DA:98,0
DA:105,0
DA:106,0
DA:107,0
DA:108,0
DA:109,0
DA:110,0
DA:111,0
DA:112,0
DA:116,0
DA:117,0
DA:121,0
DA:122,0
DA:126,0
DA:131,0
DA:132,0
DA:133,0
DA:134,0
DA:135,0
DA:138,0
DA:144,0
DA:147,0
DA:148,0
DA:151,0
DA:152,0
DA:153,0
DA:154,0
DA:155,0
DA:160,0
DA:161,0
DA:162,0
DA:163,0
DA:168,0
DA:169,0
DA:172,0
DA:177,0
DA:178,0
DA:183,0
DA:184,0
DA:186,0
DA:188,0
DA:189,0
DA:190,0
DA:191,0
DA:194,0
DA:195,0
DA:196,0
DA:197,0
DA:200,0
DA:203,0
DA:204,0
DA:205,0
DA:206,0
DA:209,0
DA:210,0
DA:211,0
DA:212,0
DA:213,0
DA:217,0
DA:218,0
DA:219,0
DA:226,0
DA:230,0
DA:231,0
DA:234,0
DA:237,0
DA:238,0
DA:241,0
DA:243,0
DA:244,0
DA:247,0
DA:248,0
DA:253,0
DA:254,0
DA:256,0
DA:257,0
DA:265,0
DA:267,0
DA:268,0
DA:270,0
DA:271,0
DA:274,0
DA:277,0
DA:278,0
DA:283,0
DA:284,0
DA:285,0
DA:287,0
DA:288,0
DA:289,0
DA:290,0
DA:291,0
DA:292,0
DA:297,0
DA:298,0
DA:299,0
DA:300,0
DA:301,0
DA:304,0
DA:305,0
DA:311,0
DA:312,0
DA:314,0
DA:315,0
DA:316,0
DA:319,0
DA:320,0
DA:322,0
DA:325,0
DA:327,0
DA:328,0
DA:329,0
DA:333,0
DA:334,0
DA:335,0
DA:338,0
DA:343,0
DA:344,0
DA:347,0
DA:348,0
DA:356,0
DA:369,0
DA:373,0
DA:374,0
DA:375,0
DA:379,0
DA:380,0
DA:382,0
DA:383,0
DA:384,0
DA:387,0
DA:388,0
DA:390,0
DA:396,0
DA:398,0
DA:399,0
DA:402,0
DA:405,0
DA:406,0
DA:407,0
DA:408,0
DA:412,0
DA:415,0
DA:416,0
DA:422,0
DA:423,0
DA:424,0
DA:428,0
DA:430,0
DA:431,0
DA:432,0
DA:436,0
DA:438,0
DA:439,0
DA:440,0
DA:443,0
DA:444,0
DA:446,0
DA:448,0
DA:449,0
DA:451,0
DA:453,0
DA:456,0
DA:457,0
DA:462,0
DA:463,0
DA:465,0
DA:466,0
DA:469,0
DA:470,0
DA:471,0
LF:222
LH:0
BRDA:7,0,0,0
BRDA:7,0,1,0
BRDA:10,1,0,0
BRDA:10,1,1,0
BRDA:14,2,0,0
BRDA:14,2,1,0
BRDA:25,3,0,0
BRDA:25,3,1,0
BRDA:27,4,0,0
BRDA:27,4,1,0
BRDA:51,5,0,0
BRDA:51,5,1,0
BRDA:62,6,0,0
BRDA:62,6,1,0
BRDA:73,7,0,0
BRDA:73,7,1,0
BRDA:81,8,0,0
BRDA:81,8,1,0
BRDA:83,9,0,0
BRDA:83,9,1,0
BRDA:88,10,0,0
BRDA:88,10,1,0
BRDA:96,11,0,0
BRDA:96,11,1,0
BRDA:107,12,0,0
BRDA:107,12,1,0
BRDA:107,13,0,0
BRDA:107,13,1,0
BRDA:107,13,2,0
BRDA:111,14,0,0
BRDA:111,14,1,0
BRDA:116,15,0,0
BRDA:116,15,1,0
BRDA:116,16,0,0
BRDA:116,16,1,0
BRDA:121,17,0,0
BRDA:121,17,1,0
BRDA:133,18,0,0
BRDA:133,18,1,0
BRDA:133,19,0,0
BRDA:133,19,1,0
BRDA:133,19,2,0
BRDA:144,20,0,0
BRDA:144,20,1,0
BRDA:162,21,0,0
BRDA:162,21,1,0
BRDA:162,22,0,0
BRDA:162,22,1,0
BRDA:168,23,0,0
BRDA:168,23,1,0
BRDA:177,24,0,0
BRDA:177,24,1,0
BRDA:177,25,0,0
BRDA:177,25,1,0
BRDA:188,26,0,0
BRDA:188,26,1,0
BRDA:188,27,0,0
BRDA:188,27,1,0
BRDA:189,28,0,0
BRDA:189,28,1,0
BRDA:195,29,0,0
BRDA:195,29,1,0
BRDA:203,30,0,0
BRDA:203,30,1,0
BRDA:204,31,0,0
BRDA:204,31,1,0
BRDA:205,32,0,0
BRDA:205,32,1,0
BRDA:206,33,0,0
BRDA:206,33,1,0
BRDA:209,34,0,0
BRDA:209,34,1,0
BRDA:211,35,0,0
BRDA:211,35,1,0
BRDA:211,36,0,0
BRDA:211,36,1,0
BRDA:211,36,2,0
BRDA:217,37,0,0
BRDA:217,37,1,0
BRDA:230,38,0,0
BRDA:230,38,1,0
BRDA:241,39,0,0
BRDA:241,39,1,0
BRDA:241,40,0,0
BRDA:241,40,1,0
BRDA:243,41,0,0
BRDA:243,41,1,0
BRDA:262,42,0,0
BRDA:262,42,1,0
BRDA:267,43,0,0
BRDA:267,43,1,0
BRDA:271,44,0,0
BRDA:271,44,1,0
BRDA:287,45,0,0
BRDA:287,45,1,0
BRDA:289,46,0,0
BRDA:289,46,1,0
BRDA:291,47,0,0
BRDA:291,47,1,0
BRDA:298,48,0,0
BRDA:298,48,1,0
BRDA:314,49,0,0
BRDA:314,49,1,0
BRDA:314,50,0,0
BRDA:314,50,1,0
BRDA:319,51,0,0
BRDA:319,51,1,0
BRDA:322,52,0,0
BRDA:322,52,1,0
BRDA:327,53,0,0
BRDA:327,53,1,0
BRDA:382,54,0,0
BRDA:382,54,1,0
BRDA:396,55,0,0
BRDA:396,55,1,0
BRDA:407,56,0,0
BRDA:407,56,1,0
BRDA:422,57,0,0
BRDA:422,57,1,0
BRDA:430,58,0,0
BRDA:430,58,1,0
BRDA:438,59,0,0
BRDA:438,59,1,0
BRDA:448,60,0,0
BRDA:448,60,1,0
BRDA:451,61,0,0
BRDA:451,61,1,0
BRDA:463,62,0,0
BRDA:463,62,1,0
BRDA:465,63,0,0
BRDA:465,63,1,0
BRDA:465,64,0,0
BRDA:465,64,1,0
BRF:133
BRH:0
end_of_record
TN:
SF:src\usermanagement.js
FN:4,initializeDarkMode
FN:23,(anonymous_1)
FN:37,(anonymous_2)
FN:70,(anonymous_3)
FN:71,(anonymous_4)
FN:84,loadCurrentUser
FN:97,loadRoles
FN:109,populateRoleSelect
FN:112,(anonymous_8)
FN:120,loadUsers
FN:140,renderUsersList
FN:151,(anonymous_11)
FN:175,(anonymous_12)
FN:181,toggleUserSelection
FN:193,selectAllUsers
FN:198,(anonymous_15)
FN:204,(anonymous_16)
FN:212,updateDeleteButton
FN:217,updateUserCount
FN:224,showUserForm
FN:236,editUser
FN:258,saveUser
FN:287,(anonymous_22)
FN:299,deleteSelectedUsers
FN:326,backToList
FN:334,switchView
FN:336,(anonymous_26)
FN:345,escapeHtml
FN:351,showMessage
FN:359,logout
FNF:30
FNH:0
FNDA:0,initializeDarkMode
FNDA:0,(anonymous_1)
FNDA:0,(anonymous_2)
FNDA:0,(anonymous_3)
FNDA:0,(anonymous_4)
FNDA:0,loadCurrentUser
FNDA:0,loadRoles
FNDA:0,populateRoleSelect
FNDA:0,(anonymous_8)
FNDA:0,loadUsers
FNDA:0,renderUsersList
FNDA:0,(anonymous_11)
FNDA:0,(anonymous_12)
FNDA:0,toggleUserSelection
FNDA:0,selectAllUsers
FNDA:0,(anonymous_15)
FNDA:0,(anonymous_16)
FNDA:0,updateDeleteButton
FNDA:0,updateUserCount
FNDA:0,showUserForm
FNDA:0,editUser
FNDA:0,saveUser
FNDA:0,(anonymous_22)
FNDA:0,deleteSelectedUsers
FNDA:0,backToList
FNDA:0,switchView
FNDA:0,(anonymous_26)
FNDA:0,escapeHtml
FNDA:0,showMessage
FNDA:0,logout
DA:5,0
DA:7,0
DA:10,0
DA:11,0
DA:14,0
DA:15,0
DA:16,0
DA:18,0
DA:19,0
DA:23,0
DA:24,0
DA:25,0
DA:26,0
DA:27,0
DA:31,0
DA:32,0
DA:33,0
DA:34,0
DA:35,0
DA:37,0
DA:39,0
DA:42,0
DA:43,0
DA:45,0
DA:46,0
DA:47,0
DA:51,0
DA:54,0
DA:57,0
DA:60,0
DA:61,0
DA:62,0
DA:63,0
DA:64,0
DA:65,0
DA:66,0
DA:69,0
DA:70,0
DA:71,0
DA:72,0
DA:74,0
DA:76,0
DA:77,0
DA:78,0
DA:85,0
DA:86,0
DA:87,0
DA:88,0
DA:89,0
DA:90,0
DA:93,0
DA:98,0
DA:99,0
DA:100,0
DA:101,0
DA:102,0
DA:105,0
DA:110,0
DA:111,0
DA:112,0
DA:113,0
DA:114,0
DA:115,0
DA:116,0
DA:121,0
DA:122,0
DA:124,0
DA:125,0
DA:126,0
DA:127,0
DA:130,0
DA:131,0
DA:132,0
DA:133,0
DA:135,0
DA:136,0
DA:141,0
DA:142,0
DA:144,0
DA:145,0
DA:146,0
DA:147,0
DA:148,0
DA:151,0
DA:152,0
DA:153,0
DA:155,0
DA:157,0
DA:171,0
DA:172,0
DA:174,0
DA:175,0
DA:177,0
DA:182,0
DA:184,0
DA:185,0
DA:187,0
DA:190,0
DA:194,0
DA:196,0
DA:197,0
DA:198,0
DA:199,0
DA:200,0
DA:203,0
DA:204,0
DA:205,0
DA:209,0
DA:213,0
DA:214,0
DA:218,0
DA:219,0
DA:220,0
DA:226,0
DA:227,0
DA:228,0
DA:229,0
DA:230,0
DA:233,0
DA:237,0
DA:238,0
DA:239,0
DA:240,0
DA:241,0
DA:242,0
DA:243,0
DA:244,0
DA:245,0
DA:246,0
DA:247,0
DA:249,0
DA:250,0
DA:253,0
DA:254,0
DA:259,0
DA:261,0
DA:262,0
DA:264,0
DA:265,0
DA:274,0
DA:277,0
DA:279,0
DA:282,0
DA:285,0
DA:286,0
DA:287,0
DA:288,0
DA:291,0
DA:294,0
DA:295,0
DA:300,0
DA:302,0
DA:303,0
DA:306,0
DA:307,0
DA:308,0
DA:309,0
DA:310,0
DA:311,0
DA:315,0
DA:316,0
DA:318,0
DA:319,0
DA:321,0
DA:322,0
DA:327,0
DA:328,0
DA:329,0
DA:330,0
DA:331,0
DA:335,0
DA:336,0
DA:337,0
DA:338,0
DA:340,0
DA:346,0
DA:347,0
DA:348,0
DA:352,0
DA:353,0
DA:354,0
DA:355,0
DA:360,0
LF:183
LH:0
BRDA:7,0,0,0
BRDA:7,0,1,0
BRDA:10,1,0,0
BRDA:10,1,1,0
BRDA:14,2,0,0
BRDA:14,2,1,0
BRDA:25,3,0,0
BRDA:25,3,1,0
BRDA:27,4,0,0
BRDA:27,4,1,0
BRDA:45,5,0,0
BRDA:45,5,1,0
BRDA:74,6,0,0
BRDA:74,6,1,0
BRDA:77,7,0,0
BRDA:77,7,1,0
BRDA:77,8,0,0
BRDA:77,8,1,0
BRDA:77,8,2,0
BRDA:87,9,0,0
BRDA:87,9,1,0
BRDA:87,10,0,0
BRDA:87,10,1,0
BRDA:87,10,2,0
BRDA:100,11,0,0
BRDA:100,11,1,0
BRDA:100,12,0,0
BRDA:100,12,1,0
BRDA:125,13,0,0
BRDA:125,13,1,0
BRDA:125,14,0,0
BRDA:125,14,1,0
BRDA:130,15,0,0
BRDA:130,15,1,0
BRDA:144,16,0,0
BRDA:144,16,1,0
BRDA:153,17,0,0
BRDA:153,17,1,0
BRDA:155,18,0,0
BRDA:155,18,1,0
BRDA:160,19,0,0
BRDA:160,19,1,0
BRDA:184,20,0,0
BRDA:184,20,1,0
BRDA:196,21,0,0
BRDA:196,21,1,0
BRDA:219,22,0,0
BRDA:219,22,1,0
BRDA:239,23,0,0
BRDA:239,23,1,0
BRDA:239,24,0,0
BRDA:239,24,1,0
BRDA:239,24,2,0
BRDA:277,25,0,0
BRDA:277,25,1,0
BRDA:285,26,0,0
BRDA:285,26,1,0
BRDA:300,27,0,0
BRDA:300,27,1,0
BRDA:302,28,0,0
BRDA:302,28,1,0
BRDA:310,29,0,0
BRDA:310,29,1,0
BRDA:337,30,0,0
BRDA:337,30,1,0
BRDA:351,31,0,0
BRDA:353,32,0,0
BRDA:353,32,1,0
BRF:68
BRH:0
end_of_record
